Log file open, 01/09/24 10:04:59
LogWindows: Failed to load 'aqProf.dll' (GetLastError=126)
LogWindows: File 'aqProf.dll' does not exist
LogWindows: Failed to load 'VtuneApi.dll' (GetLastError=126)
LogWindows: File 'VtuneApi.dll' does not exist
LogWindows: Failed to load 'VtuneApi32e.dll' (GetLastError=126)
LogWindows: File 'VtuneApi32e.dll' does not exist
LogConsoleResponse: Display: Failed to find resolution value strings in scalability ini. Falling back to default.
LogConsoleResponse: Display: Failed to find resolution value strings in scalability ini. Falling back to default.
LogInit: Display: Running engine for game: Runner
LogPlatformFile: Not using cached read wrapper
LogTaskGraph: Started task graph with 5 named threads and 35 total threads with 3 sets of task threads.
LogStats: Stats thread started at 0.223660
LogICUInternationalization: ICU TimeZone Detection - Raw Offset: +1:00, Platform Override: ''
LogInit: Display: Loading text-based GConfig....
LogPluginManager: Mounting plugin MeshPainting
LogPluginManager: Mounting plugin XGEController
LogPluginManager: Mounting plugin Paper2D
LogPluginManager: Mounting plugin LiveLink
LogPluginManager: Mounting plugin AISupport
LogPluginManager: Mounting plugin EnvironmentQueryEditor
LogPluginManager: Mounting plugin LightPropagationVolume
LogPluginManager: Mounting plugin CameraShakePreviewer
LogPluginManager: Mounting plugin GameplayCameras
LogPluginManager: Mounting plugin OodleData
LogPluginManager: Mounting plugin OodleNetwork
LogPluginManager: Mounting plugin NullSourceCodeAccess
LogPluginManager: Mounting plugin KDevelopSourceCodeAccess
LogPluginManager: Mounting plugin CodeLiteSourceCodeAccess
LogPluginManager: Mounting plugin GitSourceControl
LogPluginManager: Mounting plugin CLionSourceCodeAccess
LogPluginManager: Mounting plugin AnimationSharing
LogPluginManager: Mounting plugin PixWinPlugin
LogPluginManager: Mounting plugin PerforceSourceControl
LogPluginManager: Mounting plugin PlasticSourceControl
LogPluginManager: Mounting plugin PluginUtils
LogPluginManager: Mounting plugin PropertyAccessNode
LogPluginManager: Mounting plugin SubversionSourceControl
LogPluginManager: Mounting plugin TextureFormatOodle
LogPluginManager: Mounting plugin VisualStudioCodeSourceCodeAccess
LogPluginManager: Mounting plugin UObjectPlugin
LogPluginManager: Mounting plugin AssetManagerEditor
LogPluginManager: Mounting plugin XCodeSourceCodeAccess
LogPluginManager: Mounting plugin VisualStudioSourceCodeAccess
LogPluginManager: Mounting plugin CryptoKeys
LogPluginManager: Mounting plugin CurveEditorTools
LogPluginManager: Mounting plugin DataValidation
LogPluginManager: Mounting plugin FacialAnimation
LogPluginManager: Mounting plugin GeometryMode
LogPluginManager: Mounting plugin MaterialAnalyzer
LogPluginManager: Mounting plugin GameplayTagsEditor
LogPluginManager: Mounting plugin MacGraphicsSwitching
LogPluginManager: Mounting plugin MobileLauncherProfileWizard
LogPluginManager: Mounting plugin PluginBrowser
LogPluginManager: Mounting plugin SpeedTreeImporter
LogPluginManager: Mounting plugin DatasmithContent
LogPluginManager: Mounting plugin VariantManagerContent
LogPluginManager: Mounting plugin Niagara
LogPluginManager: Mounting plugin AlembicImporter
LogPluginManager: Mounting plugin RiderSourceCodeAccess
LogPluginManager: Mounting plugin AutomationUtils
LogPluginManager: Mounting plugin ChaosCloth
LogPluginManager: Mounting plugin ChaosClothEditor
LogPluginManager: Mounting plugin ChaosNiagara
LogPluginManager: Mounting plugin ChaosSolverPlugin
LogPluginManager: Mounting plugin CharacterAI
LogPluginManager: Mounting plugin ChaosEditor
LogPluginManager: Mounting plugin BackChannel
LogPluginManager: Mounting plugin GeometryCache
LogPluginManager: Mounting plugin GeometryCollectionPlugin
LogPluginManager: Mounting plugin MagicLeap
LogPluginManager: Mounting plugin LuminPlatformFeatures
LogPluginManager: Mounting plugin AndroidMedia
LogPluginManager: Mounting plugin AvfMedia
LogPluginManager: Mounting plugin ImgMedia
LogPluginManager: Mounting plugin MediaCompositing
LogPluginManager: Mounting plugin MagicLeapMedia
LogPluginManager: Mounting plugin MagicLeapLightEstimation
LogPluginManager: Mounting plugin MediaPlayerEditor
LogPluginManager: Mounting plugin WebMMedia
LogPluginManager: Mounting plugin WmfMedia
LogPluginManager: Mounting plugin GeometryProcessing
LogPluginManager: Mounting plugin MLSDK
LogPluginManager: Mounting plugin UdpMessaging
LogPluginManager: Mounting plugin TcpMessaging
LogPluginManager: Mounting plugin MotoSynth
LogPluginManager: Mounting plugin PlanarCut
LogPluginManager: Mounting plugin OpenImageDenoise
LogPluginManager: Mounting plugin MagicLeapPassableWorld
LogPluginManager: Mounting plugin PlatformCrypto
LogPluginManager: Mounting plugin PythonScriptPlugin
LogPluginManager: Mounting plugin SkeletalReduction
LogPluginManager: Mounting plugin ProxyLODPlugin
LogPluginManager: Mounting plugin ActorSequence
LogPluginManager: Mounting plugin LevelSequenceEditor
LogPluginManager: Mounting plugin MatineeToLevelSequence
LogPluginManager: Mounting plugin TemplateSequence
LogPluginManager: Mounting plugin LauncherChunkInstaller
LogPluginManager: Mounting plugin OnlineSubsystem
LogPluginManager: Mounting plugin OnlineSubsystemNull
LogPluginManager: Mounting plugin OnlineSubsystemUtils
LogPluginManager: Mounting plugin ActorLayerUtilities
LogPluginManager: Mounting plugin AndroidDeviceProfileSelector
LogPluginManager: Mounting plugin AndroidMoviePlayer
LogPluginManager: Mounting plugin AndroidPermission
LogPluginManager: Mounting plugin ScreenshotTools
LogPluginManager: Mounting plugin AudioCapture
LogPluginManager: Mounting plugin AppleMoviePlayer
LogPluginManager: Mounting plugin AppleImageUtils
LogPluginManager: Mounting plugin AssetTags
LogPluginManager: Mounting plugin AudioSynesthesia
LogPluginManager: Mounting plugin CableComponent
LogPluginManager: Mounting plugin ChunkDownloader
LogPluginManager: Mounting plugin ArchVisCharacter
LogPluginManager: Mounting plugin CustomMeshComponent
LogPluginManager: Mounting plugin EditableMesh
LogPluginManager: Mounting plugin ExampleDeviceProfileSelector
LogPluginManager: Mounting plugin GoogleCloudMessaging
LogPluginManager: Mounting plugin GooglePAD
LogPluginManager: Mounting plugin IOSDeviceProfileSelector
LogPluginManager: Mounting plugin LinuxDeviceProfileSelector
LogPluginManager: Mounting plugin LocationServicesBPLibrary
LogPluginManager: Mounting plugin MobilePatchingUtils
LogPluginManager: Mounting plugin OpenXR
LogPluginManager: Mounting plugin OpenXREyeTracker
LogPluginManager: Mounting plugin OpenXRHandTracking
LogPluginManager: Mounting plugin Takes
LogPluginManager: Mounting plugin PhysXVehicles
LogPluginManager: Mounting plugin PostSplashScreen
LogPluginManager: Mounting plugin ProceduralMeshComponent
LogPluginManager: Mounting plugin PropertyAccessEditor
LogPluginManager: Mounting plugin RuntimePhysXCooking
LogPluginManager: Mounting plugin SoundFields
LogPluginManager: Mounting plugin SignificanceManager
LogPluginManager: Mounting plugin Synthesis
LogPluginManager: Mounting plugin WebMMoviePlayer
LogPluginManager: Mounting plugin WindowsMoviePlayer
LogPluginManager: Mounting plugin ContentBrowserFileDataSource
LogPluginManager: Mounting plugin ContentBrowserClassDataSource
LogPluginManager: Mounting plugin ContentBrowserAssetDataSource
LogPluginManager: Mounting plugin OnlineSubsystemGooglePlay
LogPluginManager: Mounting plugin OnlineSubsystemIOS
LogPluginManager: Mounting plugin OculusVR
LogPluginManager: Mounting plugin SteamVR
PixWinPlugin: PIX capture plugin failed to initialize! Check that the process is launched from PIX.
LogInit: Using libcurl 7.55.1-DEV
LogInit:  - built for x86_64-pc-win32
LogInit:  - supports SSL with OpenSSL/1.1.1
LogInit:  - supports HTTP deflate (compression) using libz 1.2.8
LogInit:  - other features:
LogInit:      CURL_VERSION_SSL
LogInit:      CURL_VERSION_LIBZ
LogInit:      CURL_VERSION_IPV6
LogInit:      CURL_VERSION_ASYNCHDNS
LogInit:      CURL_VERSION_LARGEFILE
LogInit:      CURL_VERSION_IDN
LogInit:  CurlRequestOptions (configurable via config and command line):
LogInit:  - bVerifyPeer = true  - Libcurl will verify peer certificate
LogInit:  - bUseHttpProxy = false  - Libcurl will NOT use HTTP proxy
LogInit:  - bDontReuseConnections = false  - Libcurl will reuse connections
LogInit:  - MaxHostConnections = 16  - Libcurl will limit the number of connections to a host
LogInit:  - LocalHostAddr = Default
LogInit:  - BufferSize = 65536
LogOnline: OSS: Creating online subsystem instance for: NULL
LogInit: WinSock: version 1.1 (2.2), MaxSocks=32767, MaxUdp=65467
LogOnline: OSS: TryLoadSubsystemAndSetDefault: Loaded subsystem for module [NULL]
LogOculusPluginWrapper: OculusPlugin initialized successfully
LogHMD: Failed initializing OVRPlugin 1.59.0
LogInit: Build: ++UE4+Release-4.27-CL-18319896
LogInit: Engine Version: 4.27.2-18319896+++UE4+Release-4.27
LogInit: Compatible Engine Version: 4.27.0-17155196+++UE4+Release-4.27
LogInit: Net CL: 17155196
LogInit: OS: Windows 10 (Release 2009) (), CPU: AMD Ryzen 5 3600 6-Core Processor              , GPU: Radeon RX 570 Series
LogInit: Compiled (64-bit): Nov 30 2021 07:12:08
LogInit: Compiled with Visual C++: 19.24.28315.00
LogInit: Build Configuration: Development
LogInit: Branch Name: ++UE4+Release-4.27
LogInit: Command Line: 
LogInit: Base Directory: C:/Program Files/Epic Games/UE_4.27/Engine/Binaries/Win64/
LogInit: Allocator: TBB
LogInit: Installed Engine Build: 1
LogDevObjectVersion: Number of dev versions registered: 29
LogDevObjectVersion:   Dev-Blueprints (B0D832E4-1F89-4F0D-ACCF-7EB736FD4AA2): 10
LogDevObjectVersion:   Dev-Build (E1C64328-A22C-4D53-A36C-8E866417BD8C): 0
LogDevObjectVersion:   Dev-Core (375EC13C-06E4-48FB-B500-84F0262A717E): 4
LogDevObjectVersion:   Dev-Editor (E4B068ED-F494-42E9-A231-DA0B2E46BB41): 40
LogDevObjectVersion:   Dev-Framework (CFFC743F-43B0-4480-9391-14DF171D2073): 37
LogDevObjectVersion:   Dev-Mobile (B02B49B5-BB20-44E9-A304-32B752E40360): 3
LogDevObjectVersion:   Dev-Networking (A4E4105C-59A1-49B5-A7C5-40C4547EDFEE): 0
LogDevObjectVersion:   Dev-Online (39C831C9-5AE6-47DC-9A44-9C173E1C8E7C): 0
LogDevObjectVersion:   Dev-Physics (78F01B33-EBEA-4F98-B9B4-84EACCB95AA2): 14
LogDevObjectVersion:   Dev-Platform (6631380F-2D4D-43E0-8009-CF276956A95A): 0
LogDevObjectVersion:   Dev-Rendering (12F88B9F-8875-4AFC-A67C-D90C383ABD29): 45
LogDevObjectVersion:   Dev-Sequencer (7B5AE74C-D270-4C10-A958-57980B212A5A): 13
LogDevObjectVersion:   Dev-VR (D7296918-1DD6-4BDD-9DE2-64A83CC13884): 3
LogDevObjectVersion:   Dev-LoadTimes (C2A15278-BFE7-4AFE-6C17-90FF531DF755): 1
LogDevObjectVersion:   Private-Geometry (6EACA3D4-40EC-4CC1-B786-8BED09428FC5): 3
LogDevObjectVersion:   Dev-AnimPhys (29E575DD-E0A3-4627-9D10-D276232CDCEA): 17
LogDevObjectVersion:   Dev-Anim (AF43A65D-7FD3-4947-9873-3E8ED9C1BB05): 15
LogDevObjectVersion:   Dev-ReflectionCapture (6B266CEC-1EC7-4B8F-A30B-E4D90942FC07): 1
LogDevObjectVersion:   Dev-Automation (0DF73D61-A23F-47EA-B727-89E90C41499A): 1
LogDevObjectVersion:   FortniteMain (601D1886-AC64-4F84-AA16-D3DE0DEAC7D6): 47
LogDevObjectVersion:   FortniteRelease (E7086368-6B23-4C58-8439-1B7016265E91): 1
LogDevObjectVersion:   Dev-Enterprise (9DFFBCD6-494F-0158-E221-12823C92A888): 10
LogDevObjectVersion:   Dev-Niagara (F2AED0AC-9AFE-416F-8664-AA7FFA26D6FC): 1
LogDevObjectVersion:   Dev-Destruction (174F1F0B-B4C6-45A5-B13F-2EE8D0FB917D): 10
LogDevObjectVersion:   Dev-Physics-Ext (35F94A83-E258-406C-A318-09F59610247C): 41
LogDevObjectVersion:   Dev-PhysicsMaterial-Chaos (B68FC16E-8B1B-42E2-B453-215C058844FE): 1
LogDevObjectVersion:   Dev-CineCamera (B2E18506-4273-CFC2-A54E-F4BB758BBA07): 1
LogDevObjectVersion:   Dev-VirtualProduction (64F58936-FD1B-42BA-BA96-7289D5D0FA4E): 1
LogDevObjectVersion:   Dev-MediaFramework (6F0ED827-A609-4895-9C91-998D90180EA4): 2
LogInit: Presizing for max 25165824 objects, including 0 objects not considered by GC, pre-allocating 0 bytes for permanent pool.
LogConfig: Applying CVar settings from Section [/Script/Engine.StreamingSettings] File [C:/Users/1/Documents/GitHub/ballrunner/Runner/Saved/Config/Windows/Engine.ini]
LogConfig: Setting CVar [[s.MinBulkDataSizeForAsyncLoading:131072]]
LogConfig: Setting CVar [[s.AsyncLoadingThreadEnabled:0]]
LogConfig: Setting CVar [[s.EventDrivenLoaderEnabled:1]]
LogConfig: Setting CVar [[s.WarnIfTimeLimitExceeded:0]]
LogConfig: Setting CVar [[s.TimeLimitExceededMultiplier:1.5]]
LogConfig: Setting CVar [[s.TimeLimitExceededMinTime:0.005]]
LogConfig: Setting CVar [[s.UseBackgroundLevelStreaming:1]]
LogConfig: Setting CVar [[s.PriorityAsyncLoadingExtraTime:15.0]]
LogConfig: Setting CVar [[s.LevelStreamingActorsUpdateTimeLimit:5.0]]
LogConfig: Setting CVar [[s.PriorityLevelStreamingActorsUpdateExtraTime:5.0]]
LogConfig: Setting CVar [[s.LevelStreamingComponentsRegistrationGranularity:10]]
LogConfig: Setting CVar [[s.UnregisterComponentsTimeLimit:1.0]]
LogConfig: Setting CVar [[s.LevelStreamingComponentsUnregistrationGranularity:5]]
LogConfig: Setting CVar [[s.FlushStreamingOnExit:1]]
LogInit: Object subsystem initialized
LogConfig: Setting CVar [[con.DebugEarlyDefault:1]]
LogConfig: Setting CVar [[r.setres:1280x720]]
[2024.01.09-09.04.59:720][  0]LogConfig: Setting CVar [[r.VSync:0]]
[2024.01.09-09.04.59:720][  0]LogConfig: Setting CVar [[r.RHICmdBypass:0]]
[2024.01.09-09.04.59:720][  0]LogConfig: Applying CVar settings from Section [/Script/Engine.RendererSettings] File [C:/Users/1/Documents/GitHub/ballrunner/Runner/Saved/Config/Windows/Engine.ini]
[2024.01.09-09.04.59:720][  0]LogConfig: Setting CVar [[r.GPUCrashDebugging:0]]
[2024.01.09-09.04.59:720][  0]LogConfig: Applying CVar settings from Section [/Script/Engine.RendererOverrideSettings] File [C:/Users/1/Documents/GitHub/ballrunner/Runner/Saved/Config/Windows/Engine.ini]
[2024.01.09-09.04.59:720][  0]LogConfig: Applying CVar settings from Section [/Script/Engine.StreamingSettings] File [C:/Users/1/Documents/GitHub/ballrunner/Runner/Saved/Config/Windows/Engine.ini]
[2024.01.09-09.04.59:720][  0]LogConfig: Setting CVar [[s.MinBulkDataSizeForAsyncLoading:131072]]
[2024.01.09-09.04.59:720][  0]LogConfig: Setting CVar [[s.AsyncLoadingThreadEnabled:0]]
[2024.01.09-09.04.59:720][  0]LogConfig: Setting CVar [[s.EventDrivenLoaderEnabled:1]]
[2024.01.09-09.04.59:720][  0]LogConfig: Setting CVar [[s.WarnIfTimeLimitExceeded:0]]
[2024.01.09-09.04.59:720][  0]LogConfig: Setting CVar [[s.TimeLimitExceededMultiplier:1.5]]
[2024.01.09-09.04.59:720][  0]LogConfig: Setting CVar [[s.TimeLimitExceededMinTime:0.005]]
[2024.01.09-09.04.59:720][  0]LogConfig: Setting CVar [[s.UseBackgroundLevelStreaming:1]]
[2024.01.09-09.04.59:720][  0]LogConfig: Setting CVar [[s.PriorityAsyncLoadingExtraTime:15.0]]
[2024.01.09-09.04.59:720][  0]LogConfig: Setting CVar [[s.LevelStreamingActorsUpdateTimeLimit:5.0]]
[2024.01.09-09.04.59:720][  0]LogConfig: Setting CVar [[s.PriorityLevelStreamingActorsUpdateExtraTime:5.0]]
[2024.01.09-09.04.59:720][  0]LogConfig: Setting CVar [[s.LevelStreamingComponentsRegistrationGranularity:10]]
[2024.01.09-09.04.59:720][  0]LogConfig: Setting CVar [[s.UnregisterComponentsTimeLimit:1.0]]
[2024.01.09-09.04.59:720][  0]LogConfig: Setting CVar [[s.LevelStreamingComponentsUnregistrationGranularity:5]]
[2024.01.09-09.04.59:720][  0]LogConfig: Setting CVar [[s.FlushStreamingOnExit:1]]
[2024.01.09-09.04.59:720][  0]LogConfig: Applying CVar settings from Section [/Script/Engine.GarbageCollectionSettings] File [C:/Users/1/Documents/GitHub/ballrunner/Runner/Saved/Config/Windows/Engine.ini]
[2024.01.09-09.04.59:720][  0]LogConfig: Setting CVar [[gc.MaxObjectsNotConsideredByGC:1]]
[2024.01.09-09.04.59:720][  0]LogConfig: Setting CVar [[gc.SizeOfPermanentObjectPool:0]]
[2024.01.09-09.04.59:720][  0]LogConfig: Setting CVar [[gc.FlushStreamingOnGC:0]]
[2024.01.09-09.04.59:720][  0]LogConfig: Setting CVar [[gc.NumRetriesBeforeForcingGC:10]]
[2024.01.09-09.04.59:720][  0]LogConfig: Setting CVar [[gc.AllowParallelGC:1]]
[2024.01.09-09.04.59:720][  0]LogConfig: Setting CVar [[gc.TimeBetweenPurgingPendingKillObjects:61.1]]
[2024.01.09-09.04.59:720][  0]LogConfig: Setting CVar [[gc.MaxObjectsInEditor:25165824]]
[2024.01.09-09.04.59:720][  0]LogConfig: Setting CVar [[gc.IncrementalBeginDestroyEnabled:1]]
[2024.01.09-09.04.59:720][  0]LogConfig: Setting CVar [[gc.CreateGCClusters:1]]
[2024.01.09-09.04.59:720][  0]LogConfig: Setting CVar [[gc.MinGCClusterSize:5]]
[2024.01.09-09.04.59:721][  0]LogConfig: Setting CVar [[gc.ActorClusteringEnabled:0]]
[2024.01.09-09.04.59:721][  0]LogConfig: Setting CVar [[gc.BlueprintClusteringEnabled:0]]
[2024.01.09-09.04.59:721][  0]LogConfig: Setting CVar [[gc.UseDisregardForGCOnDedicatedServers:0]]
[2024.01.09-09.04.59:721][  0]LogConfig: Setting CVar [[gc.MultithreadedDestructionEnabled:1]]
[2024.01.09-09.04.59:721][  0]LogConfig: Applying CVar settings from Section [/Script/Engine.NetworkSettings] File [C:/Users/1/Documents/GitHub/ballrunner/Runner/Saved/Config/Windows/Engine.ini]
[2024.01.09-09.04.59:721][  0]LogConfig: Applying CVar settings from Section [/Script/UnrealEd.CookerSettings] File [C:/Users/1/Documents/GitHub/ballrunner/Runner/Saved/Config/Windows/Engine.ini]
[2024.01.09-09.04.59:729][  0]LogConfig: Applying CVar settings from Section [ViewDistanceQuality@3] File [C:/Users/1/Documents/GitHub/ballrunner/Runner/Saved/Config/Windows/Scalability.ini]
[2024.01.09-09.04.59:729][  0]LogConfig: Setting CVar [[r.SkeletalMeshLODBias:0]]
[2024.01.09-09.04.59:729][  0]LogConfig: Setting CVar [[r.ViewDistanceScale:1.0]]
[2024.01.09-09.04.59:729][  0]LogConfig: Applying CVar settings from Section [AntiAliasingQuality@3] File [C:/Users/1/Documents/GitHub/ballrunner/Runner/Saved/Config/Windows/Scalability.ini]
[2024.01.09-09.04.59:729][  0]LogConfig: Setting CVar [[r.PostProcessAAQuality:4]]
[2024.01.09-09.04.59:729][  0]LogConfig: Applying CVar settings from Section [ShadowQuality@3] File [C:/Users/1/Documents/GitHub/ballrunner/Runner/Saved/Config/Windows/Scalability.ini]
[2024.01.09-09.04.59:729][  0]LogConfig: Setting CVar [[r.LightFunctionQuality:1]]
[2024.01.09-09.04.59:729][  0]LogConfig: Setting CVar [[r.ShadowQuality:5]]
[2024.01.09-09.04.59:729][  0]LogConfig: Setting CVar [[r.Shadow.CSM.MaxCascades:10]]
[2024.01.09-09.04.59:729][  0]LogConfig: Setting CVar [[r.Shadow.MaxResolution:2048]]
[2024.01.09-09.04.59:729][  0]LogConfig: Setting CVar [[r.Shadow.MaxCSMResolution:2048]]
[2024.01.09-09.04.59:729][  0]LogConfig: Setting CVar [[r.Shadow.RadiusThreshold:0.01]]
[2024.01.09-09.04.59:729][  0]LogConfig: Setting CVar [[r.Shadow.DistanceScale:1.0]]
[2024.01.09-09.04.59:729][  0]LogConfig: Setting CVar [[r.Shadow.CSM.TransitionScale:1.0]]
[2024.01.09-09.04.59:729][  0]LogConfig: Setting CVar [[r.Shadow.PreShadowResolutionFactor:1.0]]
[2024.01.09-09.04.59:729][  0]LogConfig: Setting CVar [[r.DistanceFieldShadowing:1]]
[2024.01.09-09.04.59:729][  0]LogConfig: Setting CVar [[r.DistanceFieldAO:1]]
[2024.01.09-09.04.59:729][  0]LogConfig: Setting CVar [[r.AOQuality:2]]
[2024.01.09-09.04.59:729][  0]LogConfig: Setting CVar [[r.VolumetricFog:1]]
[2024.01.09-09.04.59:729][  0]LogConfig: Setting CVar [[r.VolumetricFog.GridPixelSize:8]]
[2024.01.09-09.04.59:729][  0]LogConfig: Setting CVar [[r.VolumetricFog.GridSizeZ:128]]
[2024.01.09-09.04.59:729][  0]LogConfig: Setting CVar [[r.VolumetricFog.HistoryMissSupersampleCount:4]]
[2024.01.09-09.04.59:729][  0]LogConfig: Setting CVar [[r.LightMaxDrawDistanceScale:1]]
[2024.01.09-09.04.59:729][  0]LogConfig: Setting CVar [[r.CapsuleShadows:1]]
[2024.01.09-09.04.59:729][  0]LogConfig: Applying CVar settings from Section [PostProcessQuality@3] File [C:/Users/1/Documents/GitHub/ballrunner/Runner/Saved/Config/Windows/Scalability.ini]
[2024.01.09-09.04.59:729][  0]LogConfig: Setting CVar [[r.MotionBlurQuality:4]]
[2024.01.09-09.04.59:729][  0]LogConfig: Setting CVar [[r.AmbientOcclusionMipLevelFactor:0.4]]
[2024.01.09-09.04.59:729][  0]LogConfig: Setting CVar [[r.AmbientOcclusionMaxQuality:100]]
[2024.01.09-09.04.59:730][  0]LogConfig: Setting CVar [[r.AmbientOcclusionLevels:-1]]
[2024.01.09-09.04.59:730][  0]LogConfig: Setting CVar [[r.AmbientOcclusionRadiusScale:1.0]]
[2024.01.09-09.04.59:730][  0]LogConfig: Setting CVar [[r.DepthOfFieldQuality:2]]
[2024.01.09-09.04.59:730][  0]LogConfig: Setting CVar [[r.RenderTargetPoolMin:400]]
[2024.01.09-09.04.59:730][  0]LogConfig: Setting CVar [[r.LensFlareQuality:2]]
[2024.01.09-09.04.59:730][  0]LogConfig: Setting CVar [[r.SceneColorFringeQuality:1]]
[2024.01.09-09.04.59:730][  0]LogConfig: Setting CVar [[r.EyeAdaptationQuality:2]]
[2024.01.09-09.04.59:730][  0]LogConfig: Setting CVar [[r.BloomQuality:5]]
[2024.01.09-09.04.59:730][  0]LogConfig: Setting CVar [[r.FastBlurThreshold:100]]
[2024.01.09-09.04.59:730][  0]LogConfig: Setting CVar [[r.Upscale.Quality:3]]
[2024.01.09-09.04.59:730][  0]LogConfig: Setting CVar [[r.Tonemapper.GrainQuantization:1]]
[2024.01.09-09.04.59:730][  0]LogConfig: Setting CVar [[r.LightShaftQuality:1]]
[2024.01.09-09.04.59:730][  0]LogConfig: Setting CVar [[r.Filter.SizeScale:1]]
[2024.01.09-09.04.59:730][  0]LogConfig: Setting CVar [[r.Tonemapper.Quality:5]]
[2024.01.09-09.04.59:730][  0]LogConfig: Setting CVar [[r.DOF.Gather.AccumulatorQuality:1        ; higher gathering accumulator quality]]
[2024.01.09-09.04.59:730][  0]LogConfig: Setting CVar [[r.DOF.Gather.PostfilterMethod:1          ; Median3x3 postfilering method]]
[2024.01.09-09.04.59:730][  0]LogConfig: Setting CVar [[r.DOF.Gather.EnableBokehSettings:0       ; no bokeh simulation when gathering]]
[2024.01.09-09.04.59:730][  0]LogConfig: Setting CVar [[r.DOF.Gather.RingCount:4                 ; medium number of samples when gathering]]
[2024.01.09-09.04.59:730][  0]LogConfig: Setting CVar [[r.DOF.Scatter.ForegroundCompositing:1    ; additive foreground scattering]]
[2024.01.09-09.04.59:730][  0]LogConfig: Setting CVar [[r.DOF.Scatter.BackgroundCompositing:2    ; additive background scattering]]
[2024.01.09-09.04.59:730][  0]LogConfig: Setting CVar [[r.DOF.Scatter.EnableBokehSettings:1      ; bokeh simulation when scattering]]
[2024.01.09-09.04.59:730][  0]LogConfig: Setting CVar [[r.DOF.Scatter.MaxSpriteRatio:0.1         ; only a maximum of 10% of scattered bokeh]]
[2024.01.09-09.04.59:730][  0]LogConfig: Setting CVar [[r.DOF.Recombine.Quality:1                ; cheap slight out of focus]]
[2024.01.09-09.04.59:730][  0]LogConfig: Setting CVar [[r.DOF.Recombine.EnableBokehSettings:0    ; no bokeh simulation on slight out of focus]]
[2024.01.09-09.04.59:730][  0]LogConfig: Setting CVar [[r.DOF.TemporalAAQuality:1                ; more stable temporal accumulation]]
[2024.01.09-09.04.59:730][  0]LogConfig: Setting CVar [[r.DOF.Kernel.MaxForegroundRadius:0.025]]
[2024.01.09-09.04.59:730][  0]LogConfig: Setting CVar [[r.DOF.Kernel.MaxBackgroundRadius:0.025]]
[2024.01.09-09.04.59:730][  0]LogConfig: Applying CVar settings from Section [TextureQuality@3] File [C:/Users/1/Documents/GitHub/ballrunner/Runner/Saved/Config/Windows/Scalability.ini]
[2024.01.09-09.04.59:730][  0]LogConfig: Setting CVar [[r.Streaming.MipBias:0]]
[2024.01.09-09.04.59:730][  0]LogConfig: Setting CVar [[r.Streaming.AmortizeCPUToGPUCopy:0]]
[2024.01.09-09.04.59:730][  0]LogConfig: Setting CVar [[r.Streaming.MaxNumTexturesToStreamPerFrame:0]]
[2024.01.09-09.04.59:730][  0]LogConfig: Setting CVar [[r.Streaming.Boost:1]]
[2024.01.09-09.04.59:730][  0]LogConfig: Setting CVar [[r.MaxAnisotropy:8]]
[2024.01.09-09.04.59:730][  0]LogConfig: Setting CVar [[r.VT.MaxAnisotropy:8]]
[2024.01.09-09.04.59:730][  0]LogConfig: Setting CVar [[r.Streaming.LimitPoolSizeToVRAM:0]]
[2024.01.09-09.04.59:730][  0]LogConfig: Setting CVar [[r.Streaming.PoolSize:1000]]
[2024.01.09-09.04.59:730][  0]LogConfig: Setting CVar [[r.Streaming.MaxEffectiveScreenSize:0]]
[2024.01.09-09.04.59:730][  0]LogConfig: Applying CVar settings from Section [EffectsQuality@3] File [C:/Users/1/Documents/GitHub/ballrunner/Runner/Saved/Config/Windows/Scalability.ini]
[2024.01.09-09.04.59:730][  0]LogConfig: Setting CVar [[r.TranslucencyLightingVolumeDim:64]]
[2024.01.09-09.04.59:730][  0]LogConfig: Setting CVar [[r.RefractionQuality:2]]
[2024.01.09-09.04.59:730][  0]LogConfig: Setting CVar [[r.SSR.Quality:3]]
[2024.01.09-09.04.59:730][  0]LogConfig: Setting CVar [[r.SSR.HalfResSceneColor:0]]
[2024.01.09-09.04.59:730][  0]LogConfig: Setting CVar [[r.SceneColorFormat:4]]
[2024.01.09-09.04.59:730][  0]LogConfig: Setting CVar [[r.DetailMode:2]]
[2024.01.09-09.04.59:730][  0]LogConfig: Setting CVar [[r.TranslucencyVolumeBlur:1]]
[2024.01.09-09.04.59:730][  0]LogConfig: Setting CVar [[r.MaterialQualityLevel:1 ; High quality]]
[2024.01.09-09.04.59:730][  0]LogConfig: Setting CVar [[r.AnisotropicMaterials:1]]
[2024.01.09-09.04.59:730][  0]LogConfig: Setting CVar [[r.SSS.Scale:1]]
[2024.01.09-09.04.59:730][  0]LogConfig: Setting CVar [[r.SSS.SampleSet:2]]
[2024.01.09-09.04.59:730][  0]LogConfig: Setting CVar [[r.SSS.Quality:1]]
[2024.01.09-09.04.59:730][  0]LogConfig: Setting CVar [[r.SSS.HalfRes:0]]
[2024.01.09-09.04.59:730][  0]LogConfig: Setting CVar [[r.SSGI.Quality:3]]
[2024.01.09-09.04.59:730][  0]LogConfig: Setting CVar [[r.EmitterSpawnRateScale:1.0]]
[2024.01.09-09.04.59:730][  0]LogConfig: Setting CVar [[r.ParticleLightQuality:2]]
[2024.01.09-09.04.59:730][  0]LogConfig: Setting CVar [[r.SkyAtmosphere.AerialPerspectiveLUT.FastApplyOnOpaque:1 ; Always have FastSkyLUT 1 in this case to avoid wrong sky]]
[2024.01.09-09.04.59:730][  0]LogConfig: Setting CVar [[r.SkyAtmosphere.AerialPerspectiveLUT.SampleCountMaxPerSlice:4]]
[2024.01.09-09.04.59:730][  0]LogConfig: Setting CVar [[r.SkyAtmosphere.AerialPerspectiveLUT.DepthResolution:16.0]]
[2024.01.09-09.04.59:730][  0]LogConfig: Setting CVar [[r.SkyAtmosphere.FastSkyLUT:1]]
[2024.01.09-09.04.59:730][  0]LogConfig: Setting CVar [[r.SkyAtmosphere.FastSkyLUT.SampleCountMin:4.0]]
[2024.01.09-09.04.59:730][  0]LogConfig: Setting CVar [[r.SkyAtmosphere.FastSkyLUT.SampleCountMax:128.0]]
[2024.01.09-09.04.59:730][  0]LogConfig: Setting CVar [[r.SkyAtmosphere.SampleCountMin:4.0]]
[2024.01.09-09.04.59:730][  0]LogConfig: Setting CVar [[r.SkyAtmosphere.SampleCountMax:128.0]]
[2024.01.09-09.04.59:730][  0]LogConfig: Setting CVar [[r.SkyAtmosphere.TransmittanceLUT.UseSmallFormat:0]]
[2024.01.09-09.04.59:730][  0]LogConfig: Setting CVar [[r.SkyAtmosphere.TransmittanceLUT.SampleCount:10.0]]
[2024.01.09-09.04.59:730][  0]LogConfig: Setting CVar [[r.SkyAtmosphere.MultiScatteringLUT.SampleCount:15.0]]
[2024.01.09-09.04.59:730][  0]LogConfig: Setting CVar [[r.SkyLight.RealTimeReflectionCapture:1]]
[2024.01.09-09.04.59:730][  0]LogConfig: Applying CVar settings from Section [FoliageQuality@3] File [C:/Users/1/Documents/GitHub/ballrunner/Runner/Saved/Config/Windows/Scalability.ini]
[2024.01.09-09.04.59:730][  0]LogConfig: Setting CVar [[foliage.DensityScale:1.0]]
[2024.01.09-09.04.59:730][  0]LogConfig: Setting CVar [[grass.DensityScale:1.0]]
[2024.01.09-09.04.59:730][  0]LogConfig: Applying CVar settings from Section [ShadingQuality@3] File [C:/Users/1/Documents/GitHub/ballrunner/Runner/Saved/Config/Windows/Scalability.ini]
[2024.01.09-09.04.59:730][  0]LogConfig: Setting CVar [[r.HairStrands.SkyLighting.IntegrationType:2]]
[2024.01.09-09.04.59:730][  0]LogConfig: Setting CVar [[r.HairStrands.SkyAO.SampleCount:4]]
[2024.01.09-09.04.59:730][  0]LogConfig: Setting CVar [[r.HairStrands.Visibility.MSAA.SamplePerPixel:4]]
[2024.01.09-09.04.59:730][  0]LogInit: Selected Device Profile: [Windows]
[2024.01.09-09.04.59:730][  0]LogInit: Applying CVar settings loaded from the selected device profile: [Windows]
[2024.01.09-09.04.59:730][  0]LogHAL: Display: Platform has ~ 16 GB [17126002688 / 17179869184 / 16], which maps to Larger [LargestMinGB=32, LargerMinGB=12, DefaultMinGB=8, SmallerMinGB=6, SmallestMinGB=0)
[2024.01.09-09.04.59:730][  0]LogInit: Going up to parent DeviceProfile []
[2024.01.09-09.04.59:730][  0]LogConfig: Applying CVar settings from Section [ViewDistanceQuality@3] File [C:/Users/1/Documents/GitHub/ballrunner/Runner/Saved/Config/Windows/Scalability.ini]
[2024.01.09-09.04.59:730][  0]LogConfig: Setting CVar [[r.SkeletalMeshLODBias:0]]
[2024.01.09-09.04.59:730][  0]LogConfig: Setting CVar [[r.ViewDistanceScale:1.0]]
[2024.01.09-09.04.59:730][  0]LogConfig: Applying CVar settings from Section [AntiAliasingQuality@3] File [C:/Users/1/Documents/GitHub/ballrunner/Runner/Saved/Config/Windows/Scalability.ini]
[2024.01.09-09.04.59:730][  0]LogConfig: Setting CVar [[r.PostProcessAAQuality:4]]
[2024.01.09-09.04.59:730][  0]LogConfig: Applying CVar settings from Section [ShadowQuality@3] File [C:/Users/1/Documents/GitHub/ballrunner/Runner/Saved/Config/Windows/Scalability.ini]
[2024.01.09-09.04.59:730][  0]LogConfig: Setting CVar [[r.LightFunctionQuality:1]]
[2024.01.09-09.04.59:730][  0]LogConfig: Setting CVar [[r.ShadowQuality:5]]
[2024.01.09-09.04.59:730][  0]LogConfig: Setting CVar [[r.Shadow.CSM.MaxCascades:10]]
[2024.01.09-09.04.59:730][  0]LogConfig: Setting CVar [[r.Shadow.MaxResolution:2048]]
[2024.01.09-09.04.59:731][  0]LogConfig: Setting CVar [[r.Shadow.MaxCSMResolution:2048]]
[2024.01.09-09.04.59:731][  0]LogConfig: Setting CVar [[r.Shadow.RadiusThreshold:0.01]]
[2024.01.09-09.04.59:731][  0]LogConfig: Setting CVar [[r.Shadow.DistanceScale:1.0]]
[2024.01.09-09.04.59:731][  0]LogConfig: Setting CVar [[r.Shadow.CSM.TransitionScale:1.0]]
[2024.01.09-09.04.59:731][  0]LogConfig: Setting CVar [[r.Shadow.PreShadowResolutionFactor:1.0]]
[2024.01.09-09.04.59:731][  0]LogConfig: Setting CVar [[r.DistanceFieldShadowing:1]]
[2024.01.09-09.04.59:731][  0]LogConfig: Setting CVar [[r.DistanceFieldAO:1]]
[2024.01.09-09.04.59:731][  0]LogConfig: Setting CVar [[r.AOQuality:2]]
[2024.01.09-09.04.59:731][  0]LogConfig: Setting CVar [[r.VolumetricFog:1]]
[2024.01.09-09.04.59:731][  0]LogConfig: Setting CVar [[r.VolumetricFog.GridPixelSize:8]]
[2024.01.09-09.04.59:731][  0]LogConfig: Setting CVar [[r.VolumetricFog.GridSizeZ:128]]
[2024.01.09-09.04.59:731][  0]LogConfig: Setting CVar [[r.VolumetricFog.HistoryMissSupersampleCount:4]]
[2024.01.09-09.04.59:731][  0]LogConfig: Setting CVar [[r.LightMaxDrawDistanceScale:1]]
[2024.01.09-09.04.59:731][  0]LogConfig: Setting CVar [[r.CapsuleShadows:1]]
[2024.01.09-09.04.59:731][  0]LogConfig: Applying CVar settings from Section [PostProcessQuality@3] File [C:/Users/1/Documents/GitHub/ballrunner/Runner/Saved/Config/Windows/Scalability.ini]
[2024.01.09-09.04.59:731][  0]LogConfig: Setting CVar [[r.MotionBlurQuality:4]]
[2024.01.09-09.04.59:731][  0]LogConfig: Setting CVar [[r.AmbientOcclusionMipLevelFactor:0.4]]
[2024.01.09-09.04.59:731][  0]LogConfig: Setting CVar [[r.AmbientOcclusionMaxQuality:100]]
[2024.01.09-09.04.59:731][  0]LogConfig: Setting CVar [[r.AmbientOcclusionLevels:-1]]
[2024.01.09-09.04.59:731][  0]LogConfig: Setting CVar [[r.AmbientOcclusionRadiusScale:1.0]]
[2024.01.09-09.04.59:731][  0]LogConfig: Setting CVar [[r.DepthOfFieldQuality:2]]
[2024.01.09-09.04.59:731][  0]LogConfig: Setting CVar [[r.RenderTargetPoolMin:400]]
[2024.01.09-09.04.59:731][  0]LogConfig: Setting CVar [[r.LensFlareQuality:2]]
[2024.01.09-09.04.59:731][  0]LogConfig: Setting CVar [[r.SceneColorFringeQuality:1]]
[2024.01.09-09.04.59:731][  0]LogConfig: Setting CVar [[r.EyeAdaptationQuality:2]]
[2024.01.09-09.04.59:731][  0]LogConfig: Setting CVar [[r.BloomQuality:5]]
[2024.01.09-09.04.59:731][  0]LogConfig: Setting CVar [[r.FastBlurThreshold:100]]
[2024.01.09-09.04.59:731][  0]LogConfig: Setting CVar [[r.Upscale.Quality:3]]
[2024.01.09-09.04.59:731][  0]LogConfig: Setting CVar [[r.Tonemapper.GrainQuantization:1]]
[2024.01.09-09.04.59:731][  0]LogConfig: Setting CVar [[r.LightShaftQuality:1]]
[2024.01.09-09.04.59:731][  0]LogConfig: Setting CVar [[r.Filter.SizeScale:1]]
[2024.01.09-09.04.59:731][  0]LogConfig: Setting CVar [[r.Tonemapper.Quality:5]]
[2024.01.09-09.04.59:731][  0]LogConfig: Setting CVar [[r.DOF.Gather.AccumulatorQuality:1        ; higher gathering accumulator quality]]
[2024.01.09-09.04.59:731][  0]LogConfig: Setting CVar [[r.DOF.Gather.PostfilterMethod:1          ; Median3x3 postfilering method]]
[2024.01.09-09.04.59:731][  0]LogConfig: Setting CVar [[r.DOF.Gather.EnableBokehSettings:0       ; no bokeh simulation when gathering]]
[2024.01.09-09.04.59:731][  0]LogConfig: Setting CVar [[r.DOF.Gather.RingCount:4                 ; medium number of samples when gathering]]
[2024.01.09-09.04.59:731][  0]LogConfig: Setting CVar [[r.DOF.Scatter.ForegroundCompositing:1    ; additive foreground scattering]]
[2024.01.09-09.04.59:731][  0]LogConfig: Setting CVar [[r.DOF.Scatter.BackgroundCompositing:2    ; additive background scattering]]
[2024.01.09-09.04.59:731][  0]LogConfig: Setting CVar [[r.DOF.Scatter.EnableBokehSettings:1      ; bokeh simulation when scattering]]
[2024.01.09-09.04.59:731][  0]LogConfig: Setting CVar [[r.DOF.Scatter.MaxSpriteRatio:0.1         ; only a maximum of 10% of scattered bokeh]]
[2024.01.09-09.04.59:731][  0]LogConfig: Setting CVar [[r.DOF.Recombine.Quality:1                ; cheap slight out of focus]]
[2024.01.09-09.04.59:731][  0]LogConfig: Setting CVar [[r.DOF.Recombine.EnableBokehSettings:0    ; no bokeh simulation on slight out of focus]]
[2024.01.09-09.04.59:731][  0]LogConfig: Setting CVar [[r.DOF.TemporalAAQuality:1                ; more stable temporal accumulation]]
[2024.01.09-09.04.59:731][  0]LogConfig: Setting CVar [[r.DOF.Kernel.MaxForegroundRadius:0.025]]
[2024.01.09-09.04.59:731][  0]LogConfig: Setting CVar [[r.DOF.Kernel.MaxBackgroundRadius:0.025]]
[2024.01.09-09.04.59:731][  0]LogConfig: Applying CVar settings from Section [TextureQuality@3] File [C:/Users/1/Documents/GitHub/ballrunner/Runner/Saved/Config/Windows/Scalability.ini]
[2024.01.09-09.04.59:731][  0]LogConfig: Setting CVar [[r.Streaming.MipBias:0]]
[2024.01.09-09.04.59:731][  0]LogConfig: Setting CVar [[r.Streaming.AmortizeCPUToGPUCopy:0]]
[2024.01.09-09.04.59:731][  0]LogConfig: Setting CVar [[r.Streaming.MaxNumTexturesToStreamPerFrame:0]]
[2024.01.09-09.04.59:731][  0]LogConfig: Setting CVar [[r.Streaming.Boost:1]]
[2024.01.09-09.04.59:731][  0]LogConfig: Setting CVar [[r.MaxAnisotropy:8]]
[2024.01.09-09.04.59:731][  0]LogConfig: Setting CVar [[r.VT.MaxAnisotropy:8]]
[2024.01.09-09.04.59:731][  0]LogConfig: Setting CVar [[r.Streaming.LimitPoolSizeToVRAM:0]]
[2024.01.09-09.04.59:731][  0]LogConfig: Setting CVar [[r.Streaming.PoolSize:1000]]
[2024.01.09-09.04.59:731][  0]LogConfig: Setting CVar [[r.Streaming.MaxEffectiveScreenSize:0]]
[2024.01.09-09.04.59:731][  0]LogConfig: Applying CVar settings from Section [EffectsQuality@3] File [C:/Users/1/Documents/GitHub/ballrunner/Runner/Saved/Config/Windows/Scalability.ini]
[2024.01.09-09.04.59:731][  0]LogConfig: Setting CVar [[r.TranslucencyLightingVolumeDim:64]]
[2024.01.09-09.04.59:731][  0]LogConfig: Setting CVar [[r.RefractionQuality:2]]
[2024.01.09-09.04.59:731][  0]LogConfig: Setting CVar [[r.SSR.Quality:3]]
[2024.01.09-09.04.59:731][  0]LogConfig: Setting CVar [[r.SSR.HalfResSceneColor:0]]
[2024.01.09-09.04.59:731][  0]LogConfig: Setting CVar [[r.SceneColorFormat:4]]
[2024.01.09-09.04.59:731][  0]LogConfig: Setting CVar [[r.DetailMode:2]]
[2024.01.09-09.04.59:731][  0]LogConfig: Setting CVar [[r.TranslucencyVolumeBlur:1]]
[2024.01.09-09.04.59:731][  0]LogConfig: Setting CVar [[r.MaterialQualityLevel:1 ; High quality]]
[2024.01.09-09.04.59:731][  0]LogConfig: Setting CVar [[r.AnisotropicMaterials:1]]
[2024.01.09-09.04.59:731][  0]LogConfig: Setting CVar [[r.SSS.Scale:1]]
[2024.01.09-09.04.59:731][  0]LogConfig: Setting CVar [[r.SSS.SampleSet:2]]
[2024.01.09-09.04.59:731][  0]LogConfig: Setting CVar [[r.SSS.Quality:1]]
[2024.01.09-09.04.59:731][  0]LogConfig: Setting CVar [[r.SSS.HalfRes:0]]
[2024.01.09-09.04.59:731][  0]LogConfig: Setting CVar [[r.SSGI.Quality:3]]
[2024.01.09-09.04.59:731][  0]LogConfig: Setting CVar [[r.EmitterSpawnRateScale:1.0]]
[2024.01.09-09.04.59:731][  0]LogConfig: Setting CVar [[r.ParticleLightQuality:2]]
[2024.01.09-09.04.59:731][  0]LogConfig: Setting CVar [[r.SkyAtmosphere.AerialPerspectiveLUT.FastApplyOnOpaque:1 ; Always have FastSkyLUT 1 in this case to avoid wrong sky]]
[2024.01.09-09.04.59:731][  0]LogConfig: Setting CVar [[r.SkyAtmosphere.AerialPerspectiveLUT.SampleCountMaxPerSlice:4]]
[2024.01.09-09.04.59:731][  0]LogConfig: Setting CVar [[r.SkyAtmosphere.AerialPerspectiveLUT.DepthResolution:16.0]]
[2024.01.09-09.04.59:731][  0]LogConfig: Setting CVar [[r.SkyAtmosphere.FastSkyLUT:1]]
[2024.01.09-09.04.59:731][  0]LogConfig: Setting CVar [[r.SkyAtmosphere.FastSkyLUT.SampleCountMin:4.0]]
[2024.01.09-09.04.59:731][  0]LogConfig: Setting CVar [[r.SkyAtmosphere.FastSkyLUT.SampleCountMax:128.0]]
[2024.01.09-09.04.59:731][  0]LogConfig: Setting CVar [[r.SkyAtmosphere.SampleCountMin:4.0]]
[2024.01.09-09.04.59:731][  0]LogConfig: Setting CVar [[r.SkyAtmosphere.SampleCountMax:128.0]]
[2024.01.09-09.04.59:731][  0]LogConfig: Setting CVar [[r.SkyAtmosphere.TransmittanceLUT.UseSmallFormat:0]]
[2024.01.09-09.04.59:731][  0]LogConfig: Setting CVar [[r.SkyAtmosphere.TransmittanceLUT.SampleCount:10.0]]
[2024.01.09-09.04.59:731][  0]LogConfig: Setting CVar [[r.SkyAtmosphere.MultiScatteringLUT.SampleCount:15.0]]
[2024.01.09-09.04.59:731][  0]LogConfig: Setting CVar [[r.SkyLight.RealTimeReflectionCapture:1]]
[2024.01.09-09.04.59:731][  0]LogConfig: Applying CVar settings from Section [FoliageQuality@3] File [C:/Users/1/Documents/GitHub/ballrunner/Runner/Saved/Config/Windows/Scalability.ini]
[2024.01.09-09.04.59:732][  0]LogConfig: Setting CVar [[foliage.DensityScale:1.0]]
[2024.01.09-09.04.59:732][  0]LogConfig: Setting CVar [[grass.DensityScale:1.0]]
[2024.01.09-09.04.59:732][  0]LogConfig: Applying CVar settings from Section [ShadingQuality@3] File [C:/Users/1/Documents/GitHub/ballrunner/Runner/Saved/Config/Windows/Scalability.ini]
[2024.01.09-09.04.59:732][  0]LogConfig: Setting CVar [[r.HairStrands.SkyLighting.IntegrationType:2]]
[2024.01.09-09.04.59:732][  0]LogConfig: Setting CVar [[r.HairStrands.SkyAO.SampleCount:4]]
[2024.01.09-09.04.59:732][  0]LogConfig: Setting CVar [[r.HairStrands.Visibility.MSAA.SamplePerPixel:4]]
[2024.01.09-09.04.59:732][  0]LogConfig: Applying CVar settings from Section [Startup] File [../../../Engine/Config/ConsoleVariables.ini]
[2024.01.09-09.04.59:732][  0]LogConfig: Setting CVar [[net.UseAdaptiveNetUpdateFrequency:0]]
[2024.01.09-09.04.59:732][  0]LogConfig: Setting CVar [[p.chaos.AllowCreatePhysxBodies:1]]
[2024.01.09-09.04.59:732][  0]LogConfig: Setting CVar [[fx.SkipVectorVMBackendOptimizations:1]]
[2024.01.09-09.04.59:732][  0]LogConfig: Applying CVar settings from Section [ConsoleVariables] File [C:/Users/1/Documents/GitHub/ballrunner/Runner/Saved/Config/Windows/Engine.ini]
[2024.01.09-09.04.59:732][  0]LogConfig: Applying CVar settings from Section [ConsoleVariables] File [C:/Users/1/Documents/GitHub/ballrunner/Runner/Saved/Config/Windows/Editor.ini]
[2024.01.09-09.04.59:732][  0]LogInit: Computer: HAKOTOP-8JH06K5
[2024.01.09-09.04.59:732][  0]LogInit: User: 1
[2024.01.09-09.04.59:732][  0]LogInit: CPU Page size=4096, Cores=6
[2024.01.09-09.04.59:732][  0]LogInit: High frequency timer resolution =10.000000 MHz
[2024.01.09-09.04.59:732][  0]LogMemory: Memory total: Physical=15.9GB (16GB approx)
[2024.01.09-09.04.59:732][  0]LogMemory: Platform Memory Stats for Windows
[2024.01.09-09.04.59:732][  0]LogMemory: Process Physical Memory: 145.43 MB used, 145.44 MB peak
[2024.01.09-09.04.59:732][  0]LogMemory: Process Virtual Memory: 129.73 MB used, 129.73 MB peak
[2024.01.09-09.04.59:732][  0]LogMemory: Physical Memory: 9118.02 MB used,  7214.61 MB free, 16332.63 MB total
[2024.01.09-09.04.59:732][  0]LogMemory: Virtual Memory: 134212576.00 MB used,  5152.22 MB free, 134217728.00 MB total
[2024.01.09-09.04.59:737][  0]LogWindows: WindowsPlatformFeatures enabled
[2024.01.09-09.04.59:754][  0]LogInit: Physics initialised using underlying interface: PhysX
[2024.01.09-09.04.59:755][  0]LogInit: Using OS detected language (pl-PL).
[2024.01.09-09.04.59:755][  0]LogInit: Using OS detected locale (pl-PL).
[2024.01.09-09.04.59:757][  0]LogTextLocalizationManager: No specific localization for 'pl-PL' exists, so the 'pl' localization will be used.
[2024.01.09-09.04.59:757][  0]LogTextLocalizationResource: LocRes '../../../Engine/Content/Localization/Editor/pl/Editor.locres' could not be opened for reading!
[2024.01.09-09.04.59:757][  0]LogTextLocalizationResource: LocRes '../../../Engine/Content/Localization/EditorTutorials/pl/EditorTutorials.locres' could not be opened for reading!
[2024.01.09-09.04.59:758][  0]LogTextLocalizationResource: LocRes '../../../Engine/Content/Localization/Keywords/pl/Keywords.locres' could not be opened for reading!
[2024.01.09-09.04.59:758][  0]LogTextLocalizationResource: LocRes '../../../Engine/Content/Localization/Category/pl/Category.locres' could not be opened for reading!
[2024.01.09-09.04.59:758][  0]LogTextLocalizationResource: LocRes '../../../Engine/Content/Localization/ToolTips/pl/ToolTips.locres' could not be opened for reading!
[2024.01.09-09.04.59:758][  0]LogTextLocalizationResource: LocRes '../../../Engine/Content/Localization/PropertyNames/pl/PropertyNames.locres' could not be opened for reading!
[2024.01.09-09.04.59:758][  0]LogTextLocalizationResource: LocRes '../../../Engine/Content/Localization/Engine/pl/Engine.locres' could not be opened for reading!
[2024.01.09-09.04.59:759][  0]LogInit: Setting process to per monitor DPI aware
[2024.01.09-09.04.59:767][  0]LogWindowsTextInputMethodSystem: Display: IME system deactivated.
[2024.01.09-09.04.59:779][  0]LogSlate: New Slate User Created.  User Index 0, Is Virtual User: 0
[2024.01.09-09.04.59:779][  0]LogSlate: Slate User Registered.  User Index 0, Is Virtual User: 0
[2024.01.09-09.04.59:908][  0]LogD3D11RHI: Loaded GFSDK_Aftermath_Lib.x64.dll
[2024.01.09-09.04.59:911][  0]LogHMD: Failed to initialize OpenVR with code 110
[2024.01.09-09.04.59:911][  0]LogD3D11RHI: D3D11 min allowed feature level: 11_0
[2024.01.09-09.04.59:911][  0]LogD3D11RHI: D3D11 max allowed feature level: 11_0
[2024.01.09-09.04.59:911][  0]LogD3D11RHI: D3D11 adapters:
[2024.01.09-09.04.59:958][  0]LogD3D11RHI:    0. 'Radeon RX 570 Series' (Feature Level 11_0)
[2024.01.09-09.04.59:958][  0]LogD3D11RHI:       8170/0/8166 MB DedicatedVideo/DedicatedSystem/SharedSystem, Outputs:1, VendorId:0x1002
[2024.01.09-09.04.59:961][  0]LogD3D11RHI:    1. 'Microsoft Basic Render Driver' (Feature Level 11_0)
[2024.01.09-09.04.59:961][  0]LogD3D11RHI:       0/0/8166 MB DedicatedVideo/DedicatedSystem/SharedSystem, Outputs:0, VendorId:0x1414
[2024.01.09-09.04.59:961][  0]LogD3D11RHI: Chosen D3D11 Adapter:
[2024.01.09-09.04.59:961][  0]LogD3D11RHI:     Description : Radeon RX 570 Series
[2024.01.09-09.04.59:961][  0]LogD3D11RHI:     VendorId    : 1002
[2024.01.09-09.04.59:961][  0]LogD3D11RHI:     DeviceId    : 67df
[2024.01.09-09.04.59:961][  0]LogD3D11RHI:     SubSysId    : 5bd1043
[2024.01.09-09.04.59:961][  0]LogD3D11RHI:     Revision    : 00ef
[2024.01.09-09.04.59:961][  0]LogD3D11RHI:     DedicatedVideoMemory : 8567906304 bytes
[2024.01.09-09.04.59:961][  0]LogD3D11RHI:     DedicatedSystemMemory : 0 bytes
[2024.01.09-09.04.59:961][  0]LogD3D11RHI:     SharedSystemMemory : 8563001344 bytes
[2024.01.09-09.04.59:961][  0]LogD3D11RHI:     AdapterLuid : 0 55367
[2024.01.09-09.04.59:968][  0]LogD3D11RHI: Creating new Direct3DDevice
[2024.01.09-09.04.59:968][  0]LogD3D11RHI:     GPU DeviceId: 0x67df (for the marketing name, search the web for "GPU Device Id")
[2024.01.09-09.04.59:968][  0]LogWindows: EnumDisplayDevices:
[2024.01.09-09.04.59:968][  0]LogWindows:    0. 'Radeon RX 570 Series' (P:1 D:1)
[2024.01.09-09.04.59:968][  0]LogWindows:    1. 'Radeon RX 570 Series' (P:0 D:0)
[2024.01.09-09.04.59:969][  0]LogWindows:    2. 'Radeon RX 570 Series' (P:0 D:0)
[2024.01.09-09.04.59:969][  0]LogWindows:    3. 'Radeon RX 570 Series' (P:0 D:0)
[2024.01.09-09.04.59:969][  0]LogWindows:    4. 'Radeon RX 570 Series' (P:0 D:0)
[2024.01.09-09.04.59:970][  0]LogWindows:    5. 'Radeon RX 570 Series' (P:0 D:0)
[2024.01.09-09.04.59:970][  0]LogWindows:    6. 'Radeon RX 570 Series' (P:0 D:0)
[2024.01.09-09.04.59:970][  0]LogWindows: DebugString: FoundDriverCount:7 
[2024.01.09-09.04.59:970][  0]LogD3D11RHI:     Adapter Name: Radeon RX 570 Series
[2024.01.09-09.04.59:970][  0]LogD3D11RHI:   Driver Version: AMD Software: Adrenalin Edition 22.20.27.09 (internal:31.0.12027.9001, unified:31.0.12027.9001)
[2024.01.09-09.04.59:970][  0]LogD3D11RHI:      Driver Date: 3-30-2023
[2024.01.09-09.04.59:970][  0]LogRHI: Texture pool is 5182 MB (70% of 7402 MB)
[2024.01.09-09.04.59:995][  0]LogD3D11RHI: Creating D3DDevice with AMD AGS, using adapter:
[2024.01.09-09.04.59:995][  0]LogD3D11RHI:     Description : Radeon RX 570 Series
[2024.01.09-09.04.59:995][  0]LogD3D11RHI:     VendorId    : 1002
[2024.01.09-09.04.59:995][  0]LogD3D11RHI:     DeviceId    : 67df
[2024.01.09-09.04.59:995][  0]LogD3D11RHI:     SubSysId    : 5bd1043
[2024.01.09-09.04.59:995][  0]LogD3D11RHI:     Revision    : 00ef
[2024.01.09-09.04.59:995][  0]LogD3D11RHI:     DedicatedVideoMemory : 8567906304 bytes
[2024.01.09-09.04.59:995][  0]LogD3D11RHI:     DedicatedSystemMemory : 0 bytes
[2024.01.09-09.04.59:995][  0]LogD3D11RHI:     SharedSystemMemory : 8563001344 bytes
[2024.01.09-09.04.59:995][  0]LogD3D11RHI:     AdapterLuid : 0 55367
[2024.01.09-09.05.00:036][  0]LogD3D11RHI: Created device via AGS, feature level 11_0, supported extensions 1fffffbf.
[2024.01.09-09.05.00:036][  0]LogD3D11RHI: RHI has support for 64 bit atomics
[2024.01.09-09.05.00:036][  0]LogD3D11RHI: Async texture creation enabled
[2024.01.09-09.05.00:036][  0]LogD3D11RHI: Array index from any shader is supported
[2024.01.09-09.05.00:048][  0]LogD3D11RHI: GPU Timing Frequency: 25.000000 (Debug: 2 1)
[2024.01.09-09.05.00:301][  0]LogTargetPlatformManager: Display: Loaded TargetPlatform 'AllDesktop'
[2024.01.09-09.05.00:322][  0]LogTargetPlatformManager: Display: Loaded TargetPlatform 'Android'
[2024.01.09-09.05.00:322][  0]LogTargetPlatformManager: Display: Loaded TargetPlatform 'Android_ASTC'
[2024.01.09-09.05.00:322][  0]LogTargetPlatformManager: Display: Loaded TargetPlatform 'Android_DXT'
[2024.01.09-09.05.00:322][  0]LogTargetPlatformManager: Display: Loaded TargetPlatform 'Android_ETC2'
[2024.01.09-09.05.00:322][  0]LogTargetPlatformManager: Display: Loaded TargetPlatform 'AndroidClient'
[2024.01.09-09.05.00:322][  0]LogTargetPlatformManager: Display: Loaded TargetPlatform 'Android_ASTCClient'
[2024.01.09-09.05.00:322][  0]LogTargetPlatformManager: Display: Loaded TargetPlatform 'Android_DXTClient'
[2024.01.09-09.05.00:322][  0]LogTargetPlatformManager: Display: Loaded TargetPlatform 'Android_ETC2Client'
[2024.01.09-09.05.00:322][  0]LogTargetPlatformManager: Display: Loaded TargetPlatform 'Android_Multi'
[2024.01.09-09.05.00:322][  0]LogTargetPlatformManager: Display: Loaded TargetPlatform 'Android_MultiClient'
[2024.01.09-09.05.00:340][  0]LogTargetPlatformManager: Display: Loaded TargetPlatform 'IOSClient'
[2024.01.09-09.05.00:340][  0]LogTargetPlatformManager: Display: Loaded TargetPlatform 'IOS'
[2024.01.09-09.05.00:348][  0]LogTargetPlatformManager: Display: Loaded TargetPlatform 'Linux'
[2024.01.09-09.05.00:353][  0]LogTargetPlatformManager: Display: Loaded TargetPlatform 'LinuxNoEditor'
[2024.01.09-09.05.00:357][  0]LogTargetPlatformManager: Display: Loaded TargetPlatform 'LinuxClient'
[2024.01.09-09.05.00:361][  0]LogTargetPlatformManager: Display: Loaded TargetPlatform 'LinuxServer'
[2024.01.09-09.05.00:369][  0]LogTargetPlatformManager: Display: Loaded TargetPlatform 'LinuxAArch64NoEditor'
[2024.01.09-09.05.00:373][  0]LogTargetPlatformManager: Display: Loaded TargetPlatform 'LinuxAArch64Client'
[2024.01.09-09.05.00:378][  0]LogTargetPlatformManager: Display: Loaded TargetPlatform 'LinuxAArch64Server'
[2024.01.09-09.05.00:400][  0]LogTargetPlatformManager: Display: Loaded TargetPlatform 'Lumin'
[2024.01.09-09.05.00:400][  0]LogTargetPlatformManager: Display: Loaded TargetPlatform 'LuminClient'
[2024.01.09-09.05.00:407][  0]LogTargetPlatformManager: Display: Loaded TargetPlatform 'MacNoEditor'
[2024.01.09-09.05.00:411][  0]LogTargetPlatformManager: Display: Loaded TargetPlatform 'Mac'
[2024.01.09-09.05.00:415][  0]LogTargetPlatformManager: Display: Loaded TargetPlatform 'MacClient'
[2024.01.09-09.05.00:419][  0]LogTargetPlatformManager: Display: Loaded TargetPlatform 'MacServer'
[2024.01.09-09.05.00:428][  0]LogTargetPlatformManager: Display: Loaded TargetPlatform 'TVOSClient'
[2024.01.09-09.05.00:428][  0]LogTargetPlatformManager: Display: Loaded TargetPlatform 'TVOS'
[2024.01.09-09.05.00:437][  0]LogTargetPlatformManager: Display: Loaded TargetPlatform 'WindowsNoEditor'
[2024.01.09-09.05.00:440][  0]LogTargetPlatformManager: Display: Loaded TargetPlatform 'Windows'
[2024.01.09-09.05.00:445][  0]LogTargetPlatformManager: Display: Loaded TargetPlatform 'WindowsClient'
[2024.01.09-09.05.00:449][  0]LogTargetPlatformManager: Display: Loaded TargetPlatform 'WindowsServer'
[2024.01.09-09.05.00:449][  0]LogTargetPlatformManager: Display: Building Assets For Windows
[2024.01.09-09.05.00:455][  0]LogAudioDebug: Display: Lib vorbis DLL was dynamically loaded.
[2024.01.09-09.05.00:481][  0]LogTextureFormatOodle: Display: Oodle Texture 2.9.0 init RDO Off
[2024.01.09-09.05.00:506][  0]LogRendererCore: Ray tracing is disabled. Reason: r.RayTracing=0.
[2024.01.09-09.05.00:506][  0]LogShaderCompilers: Guid format shader working directory is -19 characters bigger than the processId version (../../../../../../Users/1/Documents/GitHub/ballrunner/Runner/Intermediate/Shaders/WorkingDirectory/15040/).
[2024.01.09-09.05.00:506][  0]LogShaderCompilers: Cleaned the shader compiler working directory 'C:/Users/1/AppData/Local/Temp/UnrealShaderWorkingDir/CDF1BC0946922A6539138592B08E0D03/'.
[2024.01.09-09.05.00:506][  0]LogXGEController: Cannot use XGE Controller as Incredibuild is not installed on this machine.
[2024.01.09-09.05.00:506][  0]LogShaderCompilers: Cannot use XGE Shader Compiler as Incredibuild is not installed on this machine.
[2024.01.09-09.05.00:506][  0]LogShaderCompilers: Display: Using Local Shader Compiler.
[2024.01.09-09.05.01:127][  0]LogDerivedDataCache: Display: Max Cache Size: 512 MB
[2024.01.09-09.05.01:186][  0]LogDerivedDataCache: Loaded boot cache 0.06s 94MB C:/Users/1/AppData/Local/UnrealEngine/4.27/DerivedDataCache/Boot.ddc.
[2024.01.09-09.05.01:186][  0]LogDerivedDataCache: Display: Loaded Boot cache: C:/Users/1/AppData/Local/UnrealEngine/4.27/DerivedDataCache/Boot.ddc
[2024.01.09-09.05.01:186][  0]LogDerivedDataCache: FDerivedDataBackendGraph:  Pak pak cache file ../../../../../../Users/1/Documents/GitHub/ballrunner/Runner/DerivedDataCache/DDC.ddp not found, will not use a pak cache.
[2024.01.09-09.05.01:186][  0]LogDerivedDataCache: Unable to find inner node Pak for hierarchical cache Hierarchy.
[2024.01.09-09.05.01:186][  0]LogDerivedDataCache: FDerivedDataBackendGraph:  CompressedPak pak cache file ../../../../../../Users/1/Documents/GitHub/ballrunner/Runner/DerivedDataCache/Compressed.ddp not found, will not use a pak cache.
[2024.01.09-09.05.01:186][  0]LogDerivedDataCache: Unable to find inner node CompressedPak for hierarchical cache Hierarchy.
[2024.01.09-09.05.01:203][  0]LogDerivedDataCache: Display: Pak cache opened for reading ../../../Engine/DerivedDataCache/Compressed.ddp.
[2024.01.09-09.05.01:203][  0]LogDerivedDataCache: FDerivedDataBackendGraph:  EnterprisePak pak cache file ../../../Enterprise/DerivedDataCache/Compressed.ddp not found, will not use a pak cache.
[2024.01.09-09.05.01:203][  0]LogDerivedDataCache: Unable to find inner node EnterprisePak for hierarchical cache Hierarchy.
[2024.01.09-09.05.01:209][  0]LogDerivedDataCache: Speed tests for C:/Users/1/AppData/Local/UnrealEngine/Common/DerivedDataCache took 0.01 seconds
[2024.01.09-09.05.01:209][  0]LogDerivedDataCache: Display: Performance to C:/Users/1/AppData/Local/UnrealEngine/Common/DerivedDataCache: Latency=0.02ms. RandomReadSpeed=1189.62MBs, RandomWriteSpeed=195.32MBs. Assigned SpeedClass 'Local'
[2024.01.09-09.05.01:210][  0]LogDerivedDataCache: Using Local data cache path C:/Users/1/AppData/Local/UnrealEngine/Common/DerivedDataCache: Writable
[2024.01.09-09.05.01:210][  0]LogDerivedDataCache: Shared data cache path not found in *engine.ini, will not use an Shared cache.
[2024.01.09-09.05.01:210][  0]LogDerivedDataCache: Unable to find inner node Shared for hierarchical cache Hierarchy.
[2024.01.09-09.05.01:251][  0]LogSlate: Using FreeType 2.10.0
[2024.01.09-09.05.01:252][  0]LogSlate: SlateFontServices - WITH_FREETYPE: 1, WITH_HARFBUZZ: 1
[2024.01.09-09.05.01:271][  0]LogAssetRegistry: FAssetRegistry took 0.0029 seconds to start up
[2024.01.09-09.05.01:489][  0]LogInit: Selected Device Profile: [Windows]
[2024.01.09-09.05.01:490][  0]LogInit: Active device profile: [00000202AAB48B00][00000202A7F23680 49] Windows
[2024.01.09-09.05.01:490][  0]LogInit: Profiles: [00000202AAB48B00][00000202A7F23680 49] Windows, [00000202AAB12100][00000202A9A8D800 49] WindowsNoEditor, [00000202AAB49900][000002029DFC5980 49] WindowsServer, [00000202AAB12E00][000002029DFC9B00 49] WindowsClient, [00000202AAB4BC00][000002029DFCC100 49] IOS, [00000202AAB10F00][000002029DFD0280 49] iPadAir, [00000202AAB4BE00][000002029DFD4400 49] iPadAir2, [00000202AAAB4E00][000002029DFDC6C0 49] IPadPro, [00000202AAAB4F00][000002029DFD8700 49] iPadAir3, [00000202AAB13B00][00000202A9A88840 49] iPadAir4, [00000202AAAB7800][000002029DFE0980 49] iPadMini2, [00000202AAB12F00][00000202ABAA0AC0 49] iPadMini3, [00000202AAAB7A00][00000202ABAA8C40 49] iPadMini4, [00000202AAB13700][00000202ABAACDC0 49] iPadMini5, [00000202AAAD8600][00000202ABAB5080 49] iPhone6, [00000202AAAD8700][00000202ABAB10C0 49] iPodTouch6, [00000202AAB4A900][00000202ABABD380 49] iPhone7, [00000202AAB4A600][00000202ABAB93C0 49] iPodTouch7, [00000202AAAD8100][00000202ABAC1540 49] iPhone5S, [00000202AAAB4700][00000202ABB396C0 49] iPhone6Plus, [00000202AAADA500][00000202ABB3D840 49] iPhone6S, [00000202AAAB5200][00000202ABBC79C0 49] iPhone6SPlus, [00000202AAADBB00][00000202ABC23B40 49] iPhone7Plus, [00000202AAAB7700][00000202A7DC8140 49] iPhoneSE, [00000202AAB4AC00][00000202A7DCC2C0 49] iPhone8, [00000202AAAB4600][00000202A7DD0440 49] iPhone8Plus, [00000202AAB4A100][00000202A7DD45C0 49] iPhoneX, [00000202AAAB6A00][00000202A7DE0740 49] iPhoneXS, [00000202AAB4B200][00000202A7DE48C0 49] iPhoneXSMax, [00000202AAAB6F00][00000202ABAA4A00 49] iPhoneXR, [00000202AAB4BB00][00000202A7E12B40 49] iPhone11, [00000202AAAB5D00][00000202A7E1AC80 49] iPhone11Pro, [00000202AAB48600][00000202A5692DC0 49] iPhone11ProMax, [00000202AAAB6100][00000202A7E66F40 49] iPhoneSE2, [00000202AAB4BA00][00000202A7EA50C0 49] iPhone12Mini, [00000202AAAB6200][00000202A7EA9240 49] iPhone12, [00000202AAB48700][00000202ABB1D3C0 49] iPhone12Pro, [00000202AAAB6400][00000202ABB21540 49] iPhone12ProMax, [00000202AAB49200][00000202ABBB76C0 49] iPadPro105, [00000202AAAB5900][00000202ABBBB840 49] iPadPro129, [00000202AAB48400][00000202ABBBF9C0 49] iPadPro97, [00000202AAAB7C00][00000202ABBC3B40 49] iPadPro2_129, [00000202AAB4B900][00000202ABB24140 49] iPad5, [00000202AAAB4300][00000202ABB282C0 49] iPad6, [00000202AAB49B00][00000202ABB2C440 49] iPad7, [00000202AAAB6500][00000202ABB305C0 49] iPad8, [00000202AAB49700][00000202A2A58740 49] iPadPro11, [00000202AAAB7900][00000202AC78A8C0 49] iPadPro2_11, [00000202AAB49400][00000202A2A68A40 49] iPadPro3_129, [00000202AAAB6300][00000202A7E62B80 49] iPadPro4_129, [00000202AAB4B700][00000202A2A6CCC0 49] AppleTV, [00000202AAAB7B00][00000202A7ED8E00 49] AppleTV4K, [00000202AAB49D00][00000202A7EE0F40 49] TVOS, [00000202AAAB4800][00000202ABE130C0 49] Mac, [00000202AAB4A400][00000202ABE17240 49] MacClient, [00000202AAAB6D00][00000202ABE1B3C0 49] MacNoEditor, [00000202AAB4B500][00000202ABE1F540 49] MacServer, [00000202AAAB4A00][00000202ABE236C0 49] Linux, [00000202AAB4AB00][00000202ABE27840 49] LinuxAArch64, [00000202AAAB6900][00000202ABACD9C0 49] LinuxNoEditor, [00000202AAB4A500][00000202ABAE5B40 49] LinuxAArch64NoEditor, [00000202AAAB4D00][00000202ABB7C140 49] LinuxClient, [00000202AAB48D00][00000202ABB802C0 49] LinuxAArch64Client, [00000202AAAB5F00][00000202ABB84440 49] LinuxServer, [00000202AAB4B100][00000202ABB8C5C0 49] LinuxAArch64Server, [00000202AAAB5100][00000202ABB90740 49] Android, [00000202AAB4AE00][00000202ABE908C0 49] Android_Low, [00000202AAAB7400][00000202ABE94A40 49] Android_Mid, [00000202AAB4A200][00000202ABE98BC0 49] Android_High, [00000202AAAB5000][00000202ABE9CD40 49] Android_Default, [00000202AAB49300][00000202ABE0EE80 49] Android_Adreno4xx, [00000202AAB12300][00000202ABB94FC0 49] Android_Adreno5xx_Low, [00000202AAAD9C00][00000202AC75B100 49] Android_Adreno5xx, [00000202AAB13600][00000202ABB89280 49] Android_Adreno6xx, [00000202AAADA000][00000202AC75F400 49] Android_Adreno6xx_Vulkan, [00000202AAB10400][00000202AC763580 49] Android_Mali_T6xx, [00000202AAAD8F00][00000202ABB99700 49] Android_Mali_T7xx, [00000202AAB11E00][00000202ABB79880 49] Android_Mali_T8xx, [00000202AAAD9F00][00000202ABB9DA00 49] Android_Mali_G71, [00000202AAB12800][00000202ABBA1B80 49] Android_Mali_G72, [00000202AAADAF00][00000202ABBA4180 49] Android_Mali_G72_Vulkan, [00000202AAB13E00][00000202ABBA8300 49] Android_Mali_G76, [00000202AAADA200][00000202ABBAC480 49] Android_Mali_G76_Vulkan, [00000202AAB11D00][00000202ABBB0600 49] Android_Mali_G77, [00000202AAADAC00][00000202A5752780 49] Android_Mali_G77_Vulkan, [00000202AAB13400][00000202A5756900 49] Android_Mali_G78, [00000202AAAD9300][00000202A575AA80 49] Android_Mali_G78_Vulkan, [00000202AAB11300][00000202A575EC00 49] Android_Mali_G710, [00000202AAAD8500][00000202A5762D80 49] Android_Mali_G710_Vulkan, [00000202AAB10700][00000202A5766F00 49] Android_Vulkan_SM5, [00000202AAADBF00][00000202ABE8D040 49] Android_PowerVR_G6xxx, [00000202AAB11F00][00000202A576B180 49] Android_PowerVR_GT7xxx, [00000202AAADB000][00000202A576F2C0 49] Android_PowerVR_GE8xxx, [00000202AAB13800][00000202A5777440 49] Android_PowerVR_GM9xxx, [00000202AAADA800][00000202A2A1D5C0 49] Android_PowerVR_GM9xxx_Vulkan, [00000202AAB11600][00000202A2A21740 49] Android_TegraK1, [00000202AAAD9700][00000202A2A258C0 49] Android_Unknown_Vulkan, [00000202AAB13300][00000202A2A29A40 49] Lumin, [00000202AAADBC00][00000202A2A2DBC0 49] Lumin_Desktop, [00000202AAB10E00][00000202A2A301C0 49] HoloLens, 
[2024.01.09-09.05.01:595][  0]LogMeshReduction: Using QuadricMeshReduction for automatic static mesh reduction
[2024.01.09-09.05.01:595][  0]LogMeshReduction: Using SimplygonMeshReduction for automatic skeletal mesh reduction
[2024.01.09-09.05.01:595][  0]LogMeshReduction: Using ProxyLODMeshReduction for automatic mesh merging
[2024.01.09-09.05.01:595][  0]LogMeshReduction: No distributed automatic mesh merging module available
[2024.01.09-09.05.01:595][  0]LogMeshMerging: No distributed automatic mesh merging module available
[2024.01.09-09.05.01:610][  0]LogNetVersion: Runner 1.0.0, NetCL: 17155196, EngineNetVer: 17, GameNetVer: 0 (Checksum: 729465407)
[2024.01.09-09.05.01:920][  0]LogTexture: Default maximum texture size for cubemaps generated from long-lat sources has been changed from 512 to unlimited. In order to preserve old behaiour for '/Engine/MapTemplates/Sky/DaylightAmbientCubemap.DaylightAmbientCubemap', its maximum texture size has been explicitly set to 512.
[2024.01.09-09.05.01:967][  0]LogHMD: PokeAHoleMaterial loaded successfully
[2024.01.09-09.05.01:973][  0]LogUObjectArray: 17179 objects as part of root set at end of initial load.
[2024.01.09-09.05.01:974][  0]LogUObjectAllocator: 4302256 out of 0 bytes used by permanent object pool.
[2024.01.09-09.05.01:974][  0]LogUObjectArray: CloseDisregardForGC: 0/0 objects in disregard for GC pool
[2024.01.09-09.05.02:210][  0]LogNiagaraDebuggerClient: Niagara Debugger Client Initialized | Session: 7544822540E879B14FD9BB90499A54F2 | Instance: 8BE2553C44D3720BB4D6D6B86843400A (HAKOTOP-8JH06K5-15040).
[2024.01.09-09.05.02:330][  0]LogUdpMessaging: Initializing bridge on interface 0.0.0.0:0 to multicast group 230.0.0.1:6666.
[2024.01.09-09.05.02:339][  0]LogTcpMessaging: Initializing TcpMessaging bridge
[2024.01.09-09.05.02:349][  0]LogPython: Using Python 3.7.7
[2024.01.09-09.05.02:938][  0]SourceControl: Source control is disabled
[2024.01.09-09.05.02:938][  0]SourceControl: Source control is disabled
[2024.01.09-09.05.02:947][  0]SourceControl: Source control is disabled
[2024.01.09-09.05.02:949][  0]SourceControl: Source control is disabled
[2024.01.09-09.05.02:953][  0]SourceControl: Source control is disabled
[2024.01.09-09.05.02:955][  0]LogUProjectInfo: Found projects:
[2024.01.09-09.05.02:965][  0]LogVSAccessor: Display: Unable to create Visual Studio setup instance: 80040154
[2024.01.09-09.05.02:966][  0]LogVSAccessor: Display: Unable to create Visual Studio setup instance: 80040154
[2024.01.09-09.05.02:966][  0]LogVSAccessor: Display: Unable to create Visual Studio setup instance: 80040154
[2024.01.09-09.05.03:169][  0]LogOpenImageDenoise: OIDN starting up
[2024.01.09-09.05.03:184][  0]LogAndroidPermission: UAndroidPermissionCallbackProxy::GetInstance
[2024.01.09-09.05.03:191][  0]LogAudioCaptureCore: Display: No Audio Capture implementations found. Audio input will be silent.
[2024.01.09-09.05.03:191][  0]LogAudioCaptureCore: Display: No Audio Capture implementations found. Audio input will be silent.
[2024.01.09-09.05.03:312][  0]LogCollectionManager: Loaded 0 collections in 0.001935 seconds
[2024.01.09-09.05.03:336][  0]LogFileCache: Scanning file cache for directory 'C:/Users/1/Documents/GitHub/ballrunner/Runner/Saved/Collections/' took 0.00s
[2024.01.09-09.05.03:336][  0]LogFileCache: Scanning file cache for directory 'C:/Users/1/Documents/GitHub/ballrunner/Runner/Content/Developers/1/Collections/' took 0.00s
[2024.01.09-09.05.03:336][  0]LogFileCache: Scanning file cache for directory 'C:/Users/1/Documents/GitHub/ballrunner/Runner/Content/Collections/' took 0.00s
[2024.01.09-09.05.03:336][  0]LogOcInput: OculusInput pre-init called
[2024.01.09-09.05.03:535][  0]LogEngine: Initializing Engine...
[2024.01.09-09.05.03:555][  0]LogHMD: Failed to enumerate extensions. Please check that you have a valid OpenXR runtime installed.
[2024.01.09-09.05.03:555][  0]LogHMD: Failed to initialize OpenVR with code 110
[2024.01.09-09.05.03:557][  0]LogMagicLeap: Warning: VR disabled because ZI is not enabled.  To enable, in the editor, Edit -> Project Settings -> Plugins -> Magic Leap Plugin -> Enable Zero Iteration
[2024.01.09-09.05.03:558][  0]LogStats: UGameplayTagsManager::InitializeManager -  0.000 s
[2024.01.09-09.05.03:671][  0]LogInit: Initializing FReadOnlyCVARCache
[2024.01.09-09.05.03:682][  0]LogAIModule: Creating AISystem for world Untitled
[2024.01.09-09.05.03:692][  0]LogAudio: Display: Initializing Audio Device Manager...
[2024.01.09-09.05.03:695][  0]LogAudio: Display: Loading Default Audio Settings Objects...
[2024.01.09-09.05.03:695][  0]LogAudio: Display: No default SoundConcurrencyObject specified (or failed to load).
[2024.01.09-09.05.03:696][  0]LogAudio: Display: Audio Device Manager Initialized
[2024.01.09-09.05.03:696][  0]LogAudio: Display: Creating Audio Device:                 Id: 1, Scope: Shared, Realtime: True
[2024.01.09-09.05.03:696][  0]LogAudioMixer: Display: Audio Mixer Platform Settings:
[2024.01.09-09.05.03:696][  0]LogAudioMixer: Display: 	Sample Rate:						  48000
[2024.01.09-09.05.03:696][  0]LogAudioMixer: Display: 	Callback Buffer Frame Size Requested: 1024
[2024.01.09-09.05.03:696][  0]LogAudioMixer: Display: 	Callback Buffer Frame Size To Use:	  1024
[2024.01.09-09.05.03:696][  0]LogAudioMixer: Display: 	Number of buffers to queue:			  2
[2024.01.09-09.05.03:696][  0]LogAudioMixer: Display: 	Max Channels (voices):				  32
[2024.01.09-09.05.03:696][  0]LogAudioMixer: Display: 	Number of Async Source Workers:		  0
[2024.01.09-09.05.03:696][  0]LogAudio: Display: AudioDevice MaxSources: 32
[2024.01.09-09.05.03:696][  0]LogAudio: Display: Audio Spatialization Plugin: None (built-in).
[2024.01.09-09.05.03:696][  0]LogAudio: Display: Audio Reverb Plugin: None (built-in).
[2024.01.09-09.05.03:696][  0]LogAudio: Display: Audio Occlusion Plugin: None (built-in).
[2024.01.09-09.05.03:696][  0]LogAudioMixer: Display: Initializing audio mixer.
[2024.01.09-09.05.03:708][  0]LogAudioMixer: Display: 0: FrontLeft
[2024.01.09-09.05.03:708][  0]LogAudioMixer: Display: 1: FrontRight
[2024.01.09-09.05.03:733][  0]LogAudioMixer: Display: Using Audio Device Głośniki (Realtek(R) Audio)
[2024.01.09-09.05.03:735][  0]LogAudioMixer: Display: Initializing Sound Submixes...
[2024.01.09-09.05.03:738][  0]LogAudioMixer: Display: Creating Master Submix 'MasterSubmixDefault'
[2024.01.09-09.05.03:738][  0]LogAudioMixer: Display: Creating Master Submix 'MasterReverbSubmixDefault'
[2024.01.09-09.05.03:738][  0]LogAudioMixer: Display: Creating Master Submix 'MasterEQSubmixDefault'
[2024.01.09-09.05.03:738][  0]LogAudioMixer: FMixerPlatformXAudio2::StartAudioStream() called
[2024.01.09-09.05.03:738][  0]LogAudioMixer: Display: Output buffers initialized: Frames=1024, Channels=2, Samples=2048
[2024.01.09-09.05.03:740][  0]LogAudioMixer: Display: Starting AudioMixerPlatformInterface::RunInternal()
[2024.01.09-09.05.03:740][  0]LogAudioMixer: Display: FMixerPlatformXAudio2::SubmitBuffer() called for the first time
[2024.01.09-09.05.03:740][  0]LogInit: FAudioDevice initialized.
[2024.01.09-09.05.03:740][  0]LogAudio: Display: Audio Device (ID: 1) registered with world 'Untitled'.
[2024.01.09-09.05.03:740][  0]LogNetVersion: Set ProjectVersion to 1.0.0.0. Version Checksum will be recalculated on next use.
[2024.01.09-09.05.03:842][  0]LogDerivedDataCache: Saved boot cache 0.10s 94MB C:/Users/1/AppData/Local/UnrealEngine/4.27/DerivedDataCache/Boot.ddc.
[2024.01.09-09.05.03:843][  0]LogInit: Texture streaming: Enabled
[2024.01.09-09.05.03:853][  0]LogAnalytics: Display: [UEEditor.Rocket.Release] APIServer = https://datarouter.ol.epicgames.com/. AppVersion = 4.27.2-18319896+++UE4+Release-4.27
[2024.01.09-09.05.03:857][  0]LogEngineSessionManager: EngineSessionManager initialized
[2024.01.09-09.05.03:857][  0]LogEditorSessionSummary: Verbose: Initializing EditorSessionSummaryWriter for editor session tracking
[2024.01.09-09.05.03:859][  0]LogEditorSessionSummary: EditorSessionSummaryWriter initialized
[2024.01.09-09.05.03:884][  0]LogInit: Transaction tracking system initialized
[2024.01.09-09.05.03:903][  0]BlueprintLog: New page: Editor Load
[2024.01.09-09.05.03:956][  0]LocalizationService: Localization service is disabled
[2024.01.09-09.05.03:978][  0]TimingProfiler: Initialize
[2024.01.09-09.05.03:978][  0]TimingProfiler: OnSessionChanged
[2024.01.09-09.05.03:978][  0]LoadingProfiler: Initialize
[2024.01.09-09.05.03:978][  0]LoadingProfiler: OnSessionChanged
[2024.01.09-09.05.03:978][  0]NetworkingProfiler: Initialize
[2024.01.09-09.05.03:978][  0]NetworkingProfiler: OnSessionChanged
[2024.01.09-09.05.03:978][  0]MemoryProfiler: Initialize
[2024.01.09-09.05.03:978][  0]MemoryProfiler: OnSessionChanged
[2024.01.09-09.05.04:028][  0]LogVSAccessor: Display: Unable to create Visual Studio setup instance: 80040154
[2024.01.09-09.05.04:028][  0]LogVSAccessor: Display: Unable to create Visual Studio setup instance: 80040154
[2024.01.09-09.05.04:028][  0]LogVSAccessor: Display: Unable to create Visual Studio setup instance: 80040154
[2024.01.09-09.05.04:107][  0]LogCook: Display: CookSettings for Memory: MemoryMaxUsedVirtual 0MiB, MemoryMaxUsedPhysical 16384MiB, MemoryMinFreeVirtual 0MiB, MemoryMinFreePhysical 1024MiB
[2024.01.09-09.05.04:107][  0]LogFileCache: Scanning file cache for directory 'C:/Users/1/Documents/GitHub/ballrunner/Runner/Content/' took 0.01s
[2024.01.09-09.05.04:107][  0]LogCook: Display: Mobile HDR setting 1
[2024.01.09-09.05.04:432][  0]LogInit: Display: Engine is initialized. Leaving FEngineLoop::Init()
[2024.01.09-09.05.04:435][  0]SourceControl: Source control is disabled
[2024.01.09-09.05.04:435][  0]LogUnrealEdMisc: Loading editor; pre map load, took 5.675
[2024.01.09-09.05.04:435][  0]Cmd: MAP LOAD FILE="../../../../../../Users/1/Documents/GitHub/ballrunner/Runner/Content/runner.umap" TEMPLATE=0 SHOWPROGRESS=1 FEATURELEVEL=3
[2024.01.09-09.05.04:439][  0]LightingResults: New page: Lighting Build
[2024.01.09-09.05.04:440][  0]LogWorld: UWorld::CleanupWorld for Untitled, bSessionEnded=true, bCleanupResources=true
[2024.01.09-09.05.04:440][  0]LogSlate: InvalidateAllWidgets triggered.  All widgets were invalidated
[2024.01.09-09.05.04:440][  0]MapCheck: New page: Map Check
[2024.01.09-09.05.04:440][  0]LightingResults: New page: Lighting Build
[2024.01.09-09.05.04:450][  0]LogAudio: Display: Audio Device unregistered from world 'None'.
[2024.01.09-09.05.04:453][  0]LogUObjectHash: Compacting FUObjectHashTables data took   0.86ms
[2024.01.09-09.05.04:511][  0]LogAudio: Display: Audio Device (ID: 1) registered with world 'runner'.
[2024.01.09-09.05.04:512][  0]LogAIModule: Creating AISystem for world runner
[2024.01.09-09.05.04:518][  0]LogEditorServer: Finished looking for orphan Actors (0.000 secs)
[2024.01.09-09.05.04:538][  0]LogUObjectHash: Compacting FUObjectHashTables data took   0.89ms
[2024.01.09-09.05.04:538][  0]Cmd: MAP CHECKDEP NOCLEARLOG
[2024.01.09-09.05.04:539][  0]MapCheck: Map check complete: 0 Error(s), 0 Warning(s), took 0,198ms to complete.
[2024.01.09-09.05.04:539][  0]LogFileHelpers: Loading map 'runner' took 0.104
[2024.01.09-09.05.04:540][  0]LogUnrealEdMisc: Total Editor Startup Time, took 5.781
[2024.01.09-09.05.04:799][  0]LogSlate: Updating window title bar state: overlay mode, drag disabled, window buttons hidden, title bar hidden
[2024.01.09-09.05.04:807][  0]LogSlate: Updating window title bar state: overlay mode, drag disabled, window buttons hidden, title bar hidden
[2024.01.09-09.05.04:812][  0]LogSlate: Updating window title bar state: overlay mode, drag disabled, window buttons hidden, title bar hidden
[2024.01.09-09.05.04:817][  0]LogSlate: Updating window title bar state: overlay mode, drag disabled, window buttons hidden, title bar hidden
[2024.01.09-09.05.05:063][  0]LogNativeClassHierarchy: Verbose: Native class hierarchy populated in 0.0097 seconds. Added 3822 classes and 928 folders.
[2024.01.09-09.05.05:076][  0]LogNativeClassHierarchy: Verbose: Native class hierarchy updated for 'WidgetCarousel' in 0.0003 seconds. Added 0 classes and 0 folders.
[2024.01.09-09.05.05:088][  0]LogPakFile: PakFile PrimaryIndexSize=187
[2024.01.09-09.05.05:088][  0]LogPakFile: PakFile PathHashIndexSize=101
[2024.01.09-09.05.05:088][  0]LogPakFile: PakFile FullDirectoryIndexSize=148
[2024.01.09-09.05.05:088][  0]LogShaderLibrary: Display: ShaderCodeLibraryPakFileMountedCallback: PakFile 'C:/Program Files/Epic Games/UE_4.27/FeaturePacks/FP_FirstPerson.upack' (chunk index -1, root 'root:/') mounted
[2024.01.09-09.05.05:088][  0]LogShaderLibrary: Display: ShaderCodeLibraryPakFileMountedCallback: pending pak file info (ChunkID:-1 Root:root:/ File:C:/Program Files/Epic Games/UE_4.27/FeaturePacks/FP_FirstPerson.upack)
[2024.01.09-09.05.05:088][  0]LogPakFile: OnPakFileMounted2Time == 0.000060
[2024.01.09-09.05.05:093][  0]LogPakFile: PakFile PrimaryIndexSize=189
[2024.01.09-09.05.05:093][  0]LogPakFile: PakFile PathHashIndexSize=101
[2024.01.09-09.05.05:093][  0]LogPakFile: PakFile FullDirectoryIndexSize=152
[2024.01.09-09.05.05:093][  0]LogShaderLibrary: Display: ShaderCodeLibraryPakFileMountedCallback: PakFile 'C:/Program Files/Epic Games/UE_4.27/FeaturePacks/FP_FirstPersonBP.upack' (chunk index -1, root 'root:/') mounted
[2024.01.09-09.05.05:093][  0]LogShaderLibrary: Display: ShaderCodeLibraryPakFileMountedCallback: pending pak file info (ChunkID:-1 Root:root:/ File:C:/Program Files/Epic Games/UE_4.27/FeaturePacks/FP_FirstPersonBP.upack)
[2024.01.09-09.05.05:093][  0]LogPakFile: OnPakFileMounted2Time == 0.000039
[2024.01.09-09.05.05:096][  0]LogPakFile: PakFile PrimaryIndexSize=191
[2024.01.09-09.05.05:096][  0]LogPakFile: PakFile PathHashIndexSize=101
[2024.01.09-09.05.05:096][  0]LogPakFile: PakFile FullDirectoryIndexSize=160
[2024.01.09-09.05.05:096][  0]LogShaderLibrary: Display: ShaderCodeLibraryPakFileMountedCallback: PakFile 'C:/Program Files/Epic Games/UE_4.27/FeaturePacks/MobileStarterContent.upack' (chunk index -1, root 'root:/') mounted
[2024.01.09-09.05.05:096][  0]LogShaderLibrary: Display: ShaderCodeLibraryPakFileMountedCallback: pending pak file info (ChunkID:-1 Root:root:/ File:C:/Program Files/Epic Games/UE_4.27/FeaturePacks/MobileStarterContent.upack)
[2024.01.09-09.05.05:096][  0]LogPakFile: OnPakFileMounted2Time == 0.000029
[2024.01.09-09.05.05:099][  0]LogPakFile: PakFile PrimaryIndexSize=185
[2024.01.09-09.05.05:099][  0]LogPakFile: PakFile PathHashIndexSize=101
[2024.01.09-09.05.05:099][  0]LogPakFile: PakFile FullDirectoryIndexSize=148
[2024.01.09-09.05.05:099][  0]LogShaderLibrary: Display: ShaderCodeLibraryPakFileMountedCallback: PakFile 'C:/Program Files/Epic Games/UE_4.27/FeaturePacks/StarterContent.upack' (chunk index -1, root 'root:/') mounted
[2024.01.09-09.05.05:099][  0]LogShaderLibrary: Display: ShaderCodeLibraryPakFileMountedCallback: pending pak file info (ChunkID:-1 Root:root:/ File:C:/Program Files/Epic Games/UE_4.27/FeaturePacks/StarterContent.upack)
[2024.01.09-09.05.05:099][  0]LogPakFile: OnPakFileMounted2Time == 0.000030
[2024.01.09-09.05.05:102][  0]LogPakFile: PakFile PrimaryIndexSize=190
[2024.01.09-09.05.05:102][  0]LogPakFile: PakFile PathHashIndexSize=101
[2024.01.09-09.05.05:102][  0]LogPakFile: PakFile FullDirectoryIndexSize=154
[2024.01.09-09.05.05:102][  0]LogShaderLibrary: Display: ShaderCodeLibraryPakFileMountedCallback: PakFile 'C:/Program Files/Epic Games/UE_4.27/FeaturePacks/TP_2DSideScroller.upack' (chunk index -1, root 'root:/') mounted
[2024.01.09-09.05.05:102][  0]LogShaderLibrary: Display: ShaderCodeLibraryPakFileMountedCallback: pending pak file info (ChunkID:-1 Root:root:/ File:C:/Program Files/Epic Games/UE_4.27/FeaturePacks/TP_2DSideScroller.upack)
[2024.01.09-09.05.05:102][  0]LogPakFile: OnPakFileMounted2Time == 0.000029
[2024.01.09-09.05.05:106][  0]LogPakFile: PakFile PrimaryIndexSize=192
[2024.01.09-09.05.05:106][  0]LogPakFile: PakFile PathHashIndexSize=101
[2024.01.09-09.05.05:106][  0]LogPakFile: PakFile FullDirectoryIndexSize=158
[2024.01.09-09.05.05:106][  0]LogShaderLibrary: Display: ShaderCodeLibraryPakFileMountedCallback: PakFile 'C:/Program Files/Epic Games/UE_4.27/FeaturePacks/TP_2DSideScrollerBP.upack' (chunk index -1, root 'root:/') mounted
[2024.01.09-09.05.05:106][  0]LogShaderLibrary: Display: ShaderCodeLibraryPakFileMountedCallback: pending pak file info (ChunkID:-1 Root:root:/ File:C:/Program Files/Epic Games/UE_4.27/FeaturePacks/TP_2DSideScrollerBP.upack)
[2024.01.09-09.05.05:106][  0]LogPakFile: OnPakFileMounted2Time == 0.000028
[2024.01.09-09.05.05:108][  0]LogPakFile: PakFile PrimaryIndexSize=182
[2024.01.09-09.05.05:108][  0]LogPakFile: PakFile PathHashIndexSize=101
[2024.01.09-09.05.05:108][  0]LogPakFile: PakFile FullDirectoryIndexSize=138
[2024.01.09-09.05.05:108][  0]LogShaderLibrary: Display: ShaderCodeLibraryPakFileMountedCallback: PakFile 'C:/Program Files/Epic Games/UE_4.27/FeaturePacks/TP_Flying.upack' (chunk index -1, root 'root:/') mounted
[2024.01.09-09.05.05:108][  0]LogShaderLibrary: Display: ShaderCodeLibraryPakFileMountedCallback: pending pak file info (ChunkID:-1 Root:root:/ File:C:/Program Files/Epic Games/UE_4.27/FeaturePacks/TP_Flying.upack)
[2024.01.09-09.05.05:108][  0]LogPakFile: OnPakFileMounted2Time == 0.000029
[2024.01.09-09.05.05:111][  0]LogPakFile: PakFile PrimaryIndexSize=184
[2024.01.09-09.05.05:111][  0]LogPakFile: PakFile PathHashIndexSize=101
[2024.01.09-09.05.05:111][  0]LogPakFile: PakFile FullDirectoryIndexSize=142
[2024.01.09-09.05.05:111][  0]LogShaderLibrary: Display: ShaderCodeLibraryPakFileMountedCallback: PakFile 'C:/Program Files/Epic Games/UE_4.27/FeaturePacks/TP_FlyingBP.upack' (chunk index -1, root 'root:/') mounted
[2024.01.09-09.05.05:111][  0]LogShaderLibrary: Display: ShaderCodeLibraryPakFileMountedCallback: pending pak file info (ChunkID:-1 Root:root:/ File:C:/Program Files/Epic Games/UE_4.27/FeaturePacks/TP_FlyingBP.upack)
[2024.01.09-09.05.05:111][  0]LogPakFile: OnPakFileMounted2Time == 0.000031
[2024.01.09-09.05.05:114][  0]LogPakFile: PakFile PrimaryIndexSize=188
[2024.01.09-09.05.05:114][  0]LogPakFile: PakFile PathHashIndexSize=101
[2024.01.09-09.05.05:114][  0]LogPakFile: PakFile FullDirectoryIndexSize=150
[2024.01.09-09.05.05:114][  0]LogShaderLibrary: Display: ShaderCodeLibraryPakFileMountedCallback: PakFile 'C:/Program Files/Epic Games/UE_4.27/FeaturePacks/TP_HandheldARBP.upack' (chunk index -1, root 'root:/') mounted
[2024.01.09-09.05.05:114][  0]LogShaderLibrary: Display: ShaderCodeLibraryPakFileMountedCallback: pending pak file info (ChunkID:-1 Root:root:/ File:C:/Program Files/Epic Games/UE_4.27/FeaturePacks/TP_HandheldARBP.upack)
[2024.01.09-09.05.05:114][  0]LogPakFile: OnPakFileMounted2Time == 0.000028
[2024.01.09-09.05.05:120][  0]LogPakFile: PakFile PrimaryIndexSize=182
[2024.01.09-09.05.05:120][  0]LogPakFile: PakFile PathHashIndexSize=101
[2024.01.09-09.05.05:120][  0]LogPakFile: PakFile FullDirectoryIndexSize=138
[2024.01.09-09.05.05:121][  0]LogShaderLibrary: Display: ShaderCodeLibraryPakFileMountedCallback: PakFile 'C:/Program Files/Epic Games/UE_4.27/FeaturePacks/TP_Puzzle.upack' (chunk index -1, root 'root:/') mounted
[2024.01.09-09.05.05:121][  0]LogShaderLibrary: Display: ShaderCodeLibraryPakFileMountedCallback: pending pak file info (ChunkID:-1 Root:root:/ File:C:/Program Files/Epic Games/UE_4.27/FeaturePacks/TP_Puzzle.upack)
[2024.01.09-09.05.05:121][  0]LogPakFile: OnPakFileMounted2Time == 0.000078
[2024.01.09-09.05.05:124][  0]LogPakFile: PakFile PrimaryIndexSize=184
[2024.01.09-09.05.05:124][  0]LogPakFile: PakFile PathHashIndexSize=101
[2024.01.09-09.05.05:124][  0]LogPakFile: PakFile FullDirectoryIndexSize=142
[2024.01.09-09.05.05:124][  0]LogShaderLibrary: Display: ShaderCodeLibraryPakFileMountedCallback: PakFile 'C:/Program Files/Epic Games/UE_4.27/FeaturePacks/TP_PuzzleBP.upack' (chunk index -1, root 'root:/') mounted
[2024.01.09-09.05.05:124][  0]LogShaderLibrary: Display: ShaderCodeLibraryPakFileMountedCallback: pending pak file info (ChunkID:-1 Root:root:/ File:C:/Program Files/Epic Games/UE_4.27/FeaturePacks/TP_PuzzleBP.upack)
[2024.01.09-09.05.05:124][  0]LogPakFile: OnPakFileMounted2Time == 0.000028
[2024.01.09-09.05.05:127][  0]LogPakFile: PakFile PrimaryIndexSize=183
[2024.01.09-09.05.05:127][  0]LogPakFile: PakFile PathHashIndexSize=101
[2024.01.09-09.05.05:127][  0]LogPakFile: PakFile FullDirectoryIndexSize=140
[2024.01.09-09.05.05:127][  0]LogShaderLibrary: Display: ShaderCodeLibraryPakFileMountedCallback: PakFile 'C:/Program Files/Epic Games/UE_4.27/FeaturePacks/TP_Rolling.upack' (chunk index -1, root 'root:/') mounted
[2024.01.09-09.05.05:127][  0]LogShaderLibrary: Display: ShaderCodeLibraryPakFileMountedCallback: pending pak file info (ChunkID:-1 Root:root:/ File:C:/Program Files/Epic Games/UE_4.27/FeaturePacks/TP_Rolling.upack)
[2024.01.09-09.05.05:127][  0]LogPakFile: OnPakFileMounted2Time == 0.000028
[2024.01.09-09.05.05:130][  0]LogPakFile: PakFile PrimaryIndexSize=185
[2024.01.09-09.05.05:130][  0]LogPakFile: PakFile PathHashIndexSize=101
[2024.01.09-09.05.05:130][  0]LogPakFile: PakFile FullDirectoryIndexSize=144
[2024.01.09-09.05.05:130][  0]LogShaderLibrary: Display: ShaderCodeLibraryPakFileMountedCallback: PakFile 'C:/Program Files/Epic Games/UE_4.27/FeaturePacks/TP_RollingBP.upack' (chunk index -1, root 'root:/') mounted
[2024.01.09-09.05.05:130][  0]LogShaderLibrary: Display: ShaderCodeLibraryPakFileMountedCallback: pending pak file info (ChunkID:-1 Root:root:/ File:C:/Program Files/Epic Games/UE_4.27/FeaturePacks/TP_RollingBP.upack)
[2024.01.09-09.05.05:130][  0]LogPakFile: OnPakFileMounted2Time == 0.000038
[2024.01.09-09.05.05:133][  0]LogPakFile: PakFile PrimaryIndexSize=188
[2024.01.09-09.05.05:133][  0]LogPakFile: PakFile PathHashIndexSize=101
[2024.01.09-09.05.05:133][  0]LogPakFile: PakFile FullDirectoryIndexSize=150
[2024.01.09-09.05.05:133][  0]LogShaderLibrary: Display: ShaderCodeLibraryPakFileMountedCallback: PakFile 'C:/Program Files/Epic Games/UE_4.27/FeaturePacks/TP_SideScroller.upack' (chunk index -1, root 'root:/') mounted
[2024.01.09-09.05.05:133][  0]LogShaderLibrary: Display: ShaderCodeLibraryPakFileMountedCallback: pending pak file info (ChunkID:-1 Root:root:/ File:C:/Program Files/Epic Games/UE_4.27/FeaturePacks/TP_SideScroller.upack)
[2024.01.09-09.05.05:133][  0]LogPakFile: OnPakFileMounted2Time == 0.000028
[2024.01.09-09.05.05:136][  0]LogPakFile: PakFile PrimaryIndexSize=190
[2024.01.09-09.05.05:136][  0]LogPakFile: PakFile PathHashIndexSize=101
[2024.01.09-09.05.05:136][  0]LogPakFile: PakFile FullDirectoryIndexSize=154
[2024.01.09-09.05.05:136][  0]LogShaderLibrary: Display: ShaderCodeLibraryPakFileMountedCallback: PakFile 'C:/Program Files/Epic Games/UE_4.27/FeaturePacks/TP_SideScrollerBP.upack' (chunk index -1, root 'root:/') mounted
[2024.01.09-09.05.05:136][  0]LogShaderLibrary: Display: ShaderCodeLibraryPakFileMountedCallback: pending pak file info (ChunkID:-1 Root:root:/ File:C:/Program Files/Epic Games/UE_4.27/FeaturePacks/TP_SideScrollerBP.upack)
[2024.01.09-09.05.05:136][  0]LogPakFile: OnPakFileMounted2Time == 0.000029
[2024.01.09-09.05.05:139][  0]LogPakFile: PakFile PrimaryIndexSize=187
[2024.01.09-09.05.05:139][  0]LogPakFile: PakFile PathHashIndexSize=101
[2024.01.09-09.05.05:139][  0]LogPakFile: PakFile FullDirectoryIndexSize=148
[2024.01.09-09.05.05:139][  0]LogShaderLibrary: Display: ShaderCodeLibraryPakFileMountedCallback: PakFile 'C:/Program Files/Epic Games/UE_4.27/FeaturePacks/TP_ThirdPerson.upack' (chunk index -1, root 'root:/') mounted
[2024.01.09-09.05.05:139][  0]LogShaderLibrary: Display: ShaderCodeLibraryPakFileMountedCallback: pending pak file info (ChunkID:-1 Root:root:/ File:C:/Program Files/Epic Games/UE_4.27/FeaturePacks/TP_ThirdPerson.upack)
[2024.01.09-09.05.05:139][  0]LogPakFile: OnPakFileMounted2Time == 0.000035
[2024.01.09-09.05.05:143][  0]LogPakFile: PakFile PrimaryIndexSize=189
[2024.01.09-09.05.05:143][  0]LogPakFile: PakFile PathHashIndexSize=101
[2024.01.09-09.05.05:143][  0]LogPakFile: PakFile FullDirectoryIndexSize=152
[2024.01.09-09.05.05:143][  0]LogShaderLibrary: Display: ShaderCodeLibraryPakFileMountedCallback: PakFile 'C:/Program Files/Epic Games/UE_4.27/FeaturePacks/TP_ThirdPersonBP.upack' (chunk index -1, root 'root:/') mounted
[2024.01.09-09.05.05:143][  0]LogShaderLibrary: Display: ShaderCodeLibraryPakFileMountedCallback: pending pak file info (ChunkID:-1 Root:root:/ File:C:/Program Files/Epic Games/UE_4.27/FeaturePacks/TP_ThirdPersonBP.upack)
[2024.01.09-09.05.05:143][  0]LogPakFile: OnPakFileMounted2Time == 0.000028
[2024.01.09-09.05.05:146][  0]LogPakFile: PakFile PrimaryIndexSize=183
[2024.01.09-09.05.05:146][  0]LogPakFile: PakFile PathHashIndexSize=101
[2024.01.09-09.05.05:146][  0]LogPakFile: PakFile FullDirectoryIndexSize=140
[2024.01.09-09.05.05:146][  0]LogShaderLibrary: Display: ShaderCodeLibraryPakFileMountedCallback: PakFile 'C:/Program Files/Epic Games/UE_4.27/FeaturePacks/TP_TopDown.upack' (chunk index -1, root 'root:/') mounted
[2024.01.09-09.05.05:146][  0]LogShaderLibrary: Display: ShaderCodeLibraryPakFileMountedCallback: pending pak file info (ChunkID:-1 Root:root:/ File:C:/Program Files/Epic Games/UE_4.27/FeaturePacks/TP_TopDown.upack)
[2024.01.09-09.05.05:146][  0]LogPakFile: OnPakFileMounted2Time == 0.000035
[2024.01.09-09.05.05:149][  0]LogPakFile: PakFile PrimaryIndexSize=185
[2024.01.09-09.05.05:149][  0]LogPakFile: PakFile PathHashIndexSize=101
[2024.01.09-09.05.05:149][  0]LogPakFile: PakFile FullDirectoryIndexSize=144
[2024.01.09-09.05.05:149][  0]LogShaderLibrary: Display: ShaderCodeLibraryPakFileMountedCallback: PakFile 'C:/Program Files/Epic Games/UE_4.27/FeaturePacks/TP_TopDownBP.upack' (chunk index -1, root 'root:/') mounted
[2024.01.09-09.05.05:149][  0]LogShaderLibrary: Display: ShaderCodeLibraryPakFileMountedCallback: pending pak file info (ChunkID:-1 Root:root:/ File:C:/Program Files/Epic Games/UE_4.27/FeaturePacks/TP_TopDownBP.upack)
[2024.01.09-09.05.05:149][  0]LogPakFile: OnPakFileMounted2Time == 0.000030
[2024.01.09-09.05.05:152][  0]LogPakFile: PakFile PrimaryIndexSize=185
[2024.01.09-09.05.05:152][  0]LogPakFile: PakFile PathHashIndexSize=101
[2024.01.09-09.05.05:152][  0]LogPakFile: PakFile FullDirectoryIndexSize=144
[2024.01.09-09.05.05:152][  0]LogShaderLibrary: Display: ShaderCodeLibraryPakFileMountedCallback: PakFile 'C:/Program Files/Epic Games/UE_4.27/FeaturePacks/TP_TwinStick.upack' (chunk index -1, root 'root:/') mounted
[2024.01.09-09.05.05:152][  0]LogShaderLibrary: Display: ShaderCodeLibraryPakFileMountedCallback: pending pak file info (ChunkID:-1 Root:root:/ File:C:/Program Files/Epic Games/UE_4.27/FeaturePacks/TP_TwinStick.upack)
[2024.01.09-09.05.05:152][  0]LogPakFile: OnPakFileMounted2Time == 0.000028
[2024.01.09-09.05.05:156][  0]LogPakFile: PakFile PrimaryIndexSize=187
[2024.01.09-09.05.05:156][  0]LogPakFile: PakFile PathHashIndexSize=101
[2024.01.09-09.05.05:156][  0]LogPakFile: PakFile FullDirectoryIndexSize=148
[2024.01.09-09.05.05:156][  0]LogShaderLibrary: Display: ShaderCodeLibraryPakFileMountedCallback: PakFile 'C:/Program Files/Epic Games/UE_4.27/FeaturePacks/TP_TwinStickBP.upack' (chunk index -1, root 'root:/') mounted
[2024.01.09-09.05.05:156][  0]LogShaderLibrary: Display: ShaderCodeLibraryPakFileMountedCallback: pending pak file info (ChunkID:-1 Root:root:/ File:C:/Program Files/Epic Games/UE_4.27/FeaturePacks/TP_TwinStickBP.upack)
[2024.01.09-09.05.05:156][  0]LogPakFile: OnPakFileMounted2Time == 0.000028
[2024.01.09-09.05.05:159][  0]LogPakFile: PakFile PrimaryIndexSize=183
[2024.01.09-09.05.05:159][  0]LogPakFile: PakFile PathHashIndexSize=101
[2024.01.09-09.05.05:159][  0]LogPakFile: PakFile FullDirectoryIndexSize=140
[2024.01.09-09.05.05:159][  0]LogShaderLibrary: Display: ShaderCodeLibraryPakFileMountedCallback: PakFile 'C:/Program Files/Epic Games/UE_4.27/FeaturePacks/TP_Vehicle.upack' (chunk index -1, root 'root:/') mounted
[2024.01.09-09.05.05:159][  0]LogShaderLibrary: Display: ShaderCodeLibraryPakFileMountedCallback: pending pak file info (ChunkID:-1 Root:root:/ File:C:/Program Files/Epic Games/UE_4.27/FeaturePacks/TP_Vehicle.upack)
[2024.01.09-09.05.05:159][  0]LogPakFile: OnPakFileMounted2Time == 0.000028
[2024.01.09-09.05.05:162][  0]LogPakFile: PakFile PrimaryIndexSize=186
[2024.01.09-09.05.05:162][  0]LogPakFile: PakFile PathHashIndexSize=101
[2024.01.09-09.05.05:162][  0]LogPakFile: PakFile FullDirectoryIndexSize=146
[2024.01.09-09.05.05:162][  0]LogShaderLibrary: Display: ShaderCodeLibraryPakFileMountedCallback: PakFile 'C:/Program Files/Epic Games/UE_4.27/FeaturePacks/TP_VehicleAdv.upack' (chunk index -1, root 'root:/') mounted
[2024.01.09-09.05.05:162][  0]LogShaderLibrary: Display: ShaderCodeLibraryPakFileMountedCallback: pending pak file info (ChunkID:-1 Root:root:/ File:C:/Program Files/Epic Games/UE_4.27/FeaturePacks/TP_VehicleAdv.upack)
[2024.01.09-09.05.05:162][  0]LogPakFile: OnPakFileMounted2Time == 0.000028
[2024.01.09-09.05.05:165][  0]LogPakFile: PakFile PrimaryIndexSize=188
[2024.01.09-09.05.05:165][  0]LogPakFile: PakFile PathHashIndexSize=101
[2024.01.09-09.05.05:165][  0]LogPakFile: PakFile FullDirectoryIndexSize=150
[2024.01.09-09.05.05:165][  0]LogShaderLibrary: Display: ShaderCodeLibraryPakFileMountedCallback: PakFile 'C:/Program Files/Epic Games/UE_4.27/FeaturePacks/TP_VehicleAdvBP.upack' (chunk index -1, root 'root:/') mounted
[2024.01.09-09.05.05:165][  0]LogShaderLibrary: Display: ShaderCodeLibraryPakFileMountedCallback: pending pak file info (ChunkID:-1 Root:root:/ File:C:/Program Files/Epic Games/UE_4.27/FeaturePacks/TP_VehicleAdvBP.upack)
[2024.01.09-09.05.05:165][  0]LogPakFile: OnPakFileMounted2Time == 0.000030
[2024.01.09-09.05.05:169][  0]LogPakFile: PakFile PrimaryIndexSize=185
[2024.01.09-09.05.05:169][  0]LogPakFile: PakFile PathHashIndexSize=101
[2024.01.09-09.05.05:169][  0]LogPakFile: PakFile FullDirectoryIndexSize=144
[2024.01.09-09.05.05:169][  0]LogShaderLibrary: Display: ShaderCodeLibraryPakFileMountedCallback: PakFile 'C:/Program Files/Epic Games/UE_4.27/FeaturePacks/TP_VehicleBP.upack' (chunk index -1, root 'root:/') mounted
[2024.01.09-09.05.05:169][  0]LogShaderLibrary: Display: ShaderCodeLibraryPakFileMountedCallback: pending pak file info (ChunkID:-1 Root:root:/ File:C:/Program Files/Epic Games/UE_4.27/FeaturePacks/TP_VehicleBP.upack)
[2024.01.09-09.05.05:169][  0]LogPakFile: OnPakFileMounted2Time == 0.000042
[2024.01.09-09.05.05:172][  0]LogPakFile: PakFile PrimaryIndexSize=192
[2024.01.09-09.05.05:172][  0]LogPakFile: PakFile PathHashIndexSize=101
[2024.01.09-09.05.05:172][  0]LogPakFile: PakFile FullDirectoryIndexSize=158
[2024.01.09-09.05.05:172][  0]LogShaderLibrary: Display: ShaderCodeLibraryPakFileMountedCallback: PakFile 'C:/Program Files/Epic Games/UE_4.27/FeaturePacks/TP_VirtualRealityBP.upack' (chunk index -1, root 'root:/') mounted
[2024.01.09-09.05.05:172][  0]LogShaderLibrary: Display: ShaderCodeLibraryPakFileMountedCallback: pending pak file info (ChunkID:-1 Root:root:/ File:C:/Program Files/Epic Games/UE_4.27/FeaturePacks/TP_VirtualRealityBP.upack)
[2024.01.09-09.05.05:172][  0]LogPakFile: OnPakFileMounted2Time == 0.000030
[2024.01.09-09.05.05:861][  0]LogNativeClassHierarchy: Verbose: Native class hierarchy updated for 'AddContentDialog' in 0.0003 seconds. Added 0 classes and 0 folders.
[2024.01.09-09.05.05:889][  0]LogNativeClassHierarchy: Verbose: Native class hierarchy updated for 'SceneOutliner' in 0.0003 seconds. Added 2 classes and 0 folders.
[2024.01.09-09.05.06:155][  0]LogSlate: Took 0.000225 seconds to synchronously load lazily loaded font '../../../Engine/Content/Slate/Fonts/Roboto-Regular.ttf' (155K)
[2024.01.09-09.05.06:158][  0]LogSlate: Took 0.001765 seconds to synchronously load lazily loaded font '../../../Engine/Content/Editor/Slate/Fonts/FontAwesome.ttf' (139K)
[2024.01.09-09.05.06:160][  0]LogSlate: Took 0.000125 seconds to synchronously load lazily loaded font '../../../Engine/Content/Slate/Fonts/Roboto-Bold.ttf' (160K)
[2024.01.09-09.05.06:348][  0]LogRenderer: Reallocating scene render targets to support 916x488 Format 10 NumSamples 1 (Frame:1).
[2024.01.09-09.05.06:518][  0]LogSlate: Took 0.001838 seconds to synchronously load lazily loaded font '../../../Engine/Content/Slate/Fonts/Roboto-Light.ttf' (167K)
[2024.01.09-09.05.06:594][  0]LogNativeClassHierarchy: Verbose: Native class hierarchy updated for 'HierarchicalLODOutliner' in 0.0003 seconds. Added 0 classes and 0 folders.
[2024.01.09-09.05.06:594][  0]LogLoad: (Engine Initialization) Total time: 7.83 seconds
[2024.01.09-09.05.06:594][  0]LogLoad: (Engine Initialization) Total Blueprint compile time: 0.00 seconds
[2024.01.09-09.05.06:641][  0]LogAssetRegistry: Asset discovery search completed in 5.3713 seconds
[2024.01.09-09.05.06:646][  0]LogCollectionManager: Fixed up redirectors for 0 collections in 0.000003 seconds (updated 0 objects)
[2024.01.09-09.05.06:650][  0]LogContentStreaming: Texture pool size now 1000 MB
[2024.01.09-09.05.07:955][  4]LogSlate: Took 0.000350 seconds to synchronously load lazily loaded font '../../../Engine/Content/Slate/Fonts/Roboto-Light.ttf' (167K)
